
4월 20, 2022 15:14:17.184 NEW SESSION
4월 20, 2022 15:14:17.184 [11412:17612:0420/151417.182:ERROR:device_event_log_impl.cc(214)] [15:14:17.182] USB: usb_device_handle_win.cc:1049 Failed to read descriptor from node connection: 시스템에 부착된 장치가 작동하지 않습니다. (0x1F)
4월 20, 2022 15:14:17.185 [11412:17612:0420/151417.184:ERROR:device_event_log_impl.cc(214)] [15:14:17.183] USB: usb_device_handle_win.cc:1049 Failed to read descriptor from node connection: 시스템에 부착된 장치가 작동하지 않습니다. (0x1F)
4월 20, 2022 15:37:44.184 [12516:26076:0420/153744.183:ERROR:device_event_log_impl.cc(214)] [15:37:44.183] USB: usb_device_handle_win.cc:1049 Failed to read descriptor from node connection: 시스템에 부착된 장치가 작동하지 않습니다. (0x1F)
4월 20, 2022 15:37:44.185 [12516:26076:0420/153744.184:ERROR:device_event_log_impl.cc(214)] [15:37:44.184] USB: usb_device_handle_win.cc:1049 Failed to read descriptor from node connection: 시스템에 부착된 장치가 작동하지 않습니다. (0x1F)
4월 20, 2022 15:42:30.942 [12560:24076:0420/154230.942:ERROR:device_event_log_impl.cc(214)] [15:42:30.941] USB: usb_device_handle_win.cc:1049 Failed to read descriptor from node connection: 시스템에 부착된 장치가 작동하지 않습니다. (0x1F)
4월 20, 2022 15:42:30.944 [12560:24076:0420/154230.943:ERROR:device_event_log_impl.cc(214)] [15:42:30.943] USB: usb_device_handle_win.cc:1049 Failed to read descriptor from node connection: 시스템에 부착된 장치가 작동하지 않습니다. (0x1F)
4월 20, 2022 15:47:57.236 [4900:23484:0420/154757.236:ERROR:device_event_log_impl.cc(214)] [15:47:57.236] USB: usb_device_handle_win.cc:1049 Failed to read descriptor from node connection: 시스템에 부착된 장치가 작동하지 않습니다. (0x1F)
4월 20, 2022 15:47:57.237 [4900:23484:0420/154757.237:ERROR:device_event_log_impl.cc(214)] [15:47:57.237] USB: usb_device_handle_win.cc:1049 Failed to read descriptor from node connection: 시스템에 부착된 장치가 작동하지 않습니다. (0x1F)
4월 20, 2022 15:48:19.203 [26552:23144:0420/154819.203:ERROR:device_event_log_impl.cc(214)] [15:48:19.204] USB: usb_device_handle_win.cc:1049 Failed to read descriptor from node connection: 시스템에 부착된 장치가 작동하지 않습니다. (0x1F)
4월 20, 2022 15:48:19.205 [26552:23144:0420/154819.204:ERROR:device_event_log_impl.cc(214)] [15:48:19.205] USB: usb_device_handle_win.cc:1049 Failed to read descriptor from node connection: 시스템에 부착된 장치가 작동하지 않습니다. (0x1F)
4월 20, 2022 15:50:26.870 [7320:1892:0420/155026.869:ERROR:device_event_log_impl.cc(214)] [15:50:26.870] USB: usb_device_handle_win.cc:1049 Failed to read descriptor from node connection: 시스템에 부착된 장치가 작동하지 않습니다. (0x1F)
4월 20, 2022 15:50:26.873 [7320:1892:0420/155026.872:ERROR:device_event_log_impl.cc(214)] [15:50:26.873] USB: usb_device_handle_win.cc:1049 Failed to read descriptor from node connection: 시스템에 부착된 장치가 작동하지 않습니다. (0x1F)
4월 20, 2022 15:51:24.776 [7320:308:0420/155124.776:ERROR:util.cc(126)] Can't create base directory: C:\Program Files\Google\GoogleUpdater
4월 20, 2022 16:30:28.700 [7320:1892:0420/163028.699:ERROR:device_event_log_impl.cc(214)] [16:30:28.699] USB: usb_service_win.cc:260 Failed to get device driver name: 요소가 없습니다. (0x490)

4월 21, 2022 09:36:32.807 NEW SESSION
4월 21, 2022 09:36:32.807 [2272:8788:0421/093632.803:ERROR:device_event_log_impl.cc(214)] [09:36:32.804] USB: usb_device_handle_win.cc:1049 Failed to read descriptor from node connection: 시스템에 부착된 장치가 작동하지 않습니다. (0x1F)
4월 21, 2022 09:37:29.612 [2272:5232:0421/093729.611:ERROR:util.cc(126)] Can't create base directory: C:\Program Files\Google\GoogleUpdater
4월 21, 2022 11:09:43.188 [22124:26216:0421/110943.187:ERROR:device_event_log_impl.cc(214)] [11:09:43.187] USB: usb_device_handle_win.cc:1049 Failed to read descriptor from node connection: 시스템에 부착된 장치가 작동하지 않습니다. (0x1F)
4월 21, 2022 11:10:40.932 [22124:12924:0421/111040.932:ERROR:util.cc(126)] Can't create base directory: C:\Program Files\Google\GoogleUpdater
4월 21, 2022 12:06:39.77 [22124:26216:0421/120639.075:ERROR:device_event_log_impl.cc(214)] [12:06:39.074] USB: usb_service_win.cc:260 Failed to get device driver name: 요소가 없습니다. (0x490)
4월 21, 2022 12:13:59.925 [22124:26216:0421/121359.924:ERROR:device_event_log_impl.cc(214)] [12:13:59.924] USB: usb_service_win.cc:260 Failed to get device driver name: 요소가 없습니다. (0x490)
4월 21, 2022 12:13:59.942 [22124:26216:0421/121359.942:ERROR:device_event_log_impl.cc(214)] [12:13:59.939] USB: usb_service_win.cc:283 SetupDiEnumDeviceInterfaces: 사용 가능한 데이터가 없습니다. (0x103)
4월 21, 2022 13:17:28.794 [22124:26216:0421/131728.793:ERROR:interface_endpoint_client.cc(659)] Message 0 rejected by interface blink.mojom.WidgetHost
4월 21, 2022 16:10:40.960 [22124:11180:0421/161040.955:ERROR:util.cc(126)] Can't create base directory: C:\Program Files\Google\GoogleUpdater

4월 22, 2022 09:19:52.849 NEW SESSION
4월 22, 2022 09:19:52.849 기존 브라우저 세션에서 여는 중입니다.
4월 22, 2022 09:19:54.980 [3252:20124:0422/091954.979:ERROR:device_event_log_impl.cc(214)] [09:19:54.980] USB: usb_device_handle_win.cc:1049 Failed to read descriptor from node connection: 시스템에 부착된 장치가 작동하지 않습니다. (0x1F)
4월 22, 2022 09:20:18.991 [6624:23924:0422/092018.990:ERROR:device_event_log_impl.cc(214)] [09:20:18.990] USB: usb_device_handle_win.cc:1049 Failed to read descriptor from node connection: 시스템에 부착된 장치가 작동하지 않습니다. (0x1F)
4월 22, 2022 09:20:53.697 [21836:22204:0422/092053.697:ERROR:device_event_log_impl.cc(214)] [09:20:53.696] USB: usb_device_handle_win.cc:1049 Failed to read descriptor from node connection: 시스템에 부착된 장치가 작동하지 않습니다. (0x1F)
4월 22, 2022 09:21:51.337 [21836:18092:0422/092151.337:ERROR:util.cc(126)] Can't create base directory: C:\Program Files\Google\GoogleUpdater
4월 22, 2022 10:11:21.676 [26768:22876:0422/101121.676:ERROR:device_event_log_impl.cc(214)] [10:11:21.675] USB: usb_device_handle_win.cc:1049 Failed to read descriptor from node connection: 시스템에 부착된 장치가 작동하지 않습니다. (0x1F)
4월 22, 2022 10:12:19.574 [26768:24128:0422/101219.574:ERROR:util.cc(126)] Can't create base directory: C:\Program Files\Google\GoogleUpdater
4월 22, 2022 14:21:12.806 [14080:1292:0422/142112.804:ERROR:device_event_log_impl.cc(214)] [14:21:12.804] USB: usb_device_handle_win.cc:1049 Failed to read descriptor from node connection: 시스템에 부착된 장치가 작동하지 않습니다. (0x1F)
4월 22, 2022 14:21:12.809 [14080:1292:0422/142112.805:ERROR:device_event_log_impl.cc(214)] [14:21:12.805] USB: usb_device_handle_win.cc:1049 Failed to read descriptor from node connection: 시스템에 부착된 장치가 작동하지 않습니다. (0x1F)
4월 22, 2022 14:22:10.478 [14080:26832:0422/142210.478:ERROR:util.cc(126)] Can't create base directory: C:\Program Files\Google\GoogleUpdater
4월 22, 2022 15:38:05.449 [5220:22876:0422/153805.449:ERROR:device_event_log_impl.cc(214)] [15:38:05.448] USB: usb_device_handle_win.cc:1049 Failed to read descriptor from node connection: 시스템에 부착된 장치가 작동하지 않습니다. (0x1F)
4월 22, 2022 15:38:05.452 [5220:22876:0422/153805.452:ERROR:device_event_log_impl.cc(214)] [15:38:05.452] USB: usb_device_handle_win.cc:1049 Failed to read descriptor from node connection: 시스템에 부착된 장치가 작동하지 않습니다. (0x1F)
4월 22, 2022 16:22:22.10 [16864:22420:0422/162222.009:ERROR:device_event_log_impl.cc(214)] [16:22:22.009] USB: usb_device_handle_win.cc:1049 Failed to read descriptor from node connection: 시스템에 부착된 장치가 작동하지 않습니다. (0x1F)
4월 22, 2022 16:22:22.12 [16864:22420:0422/162222.011:ERROR:device_event_log_impl.cc(214)] [16:22:22.012] USB: usb_device_handle_win.cc:1049 Failed to read descriptor from node connection: 시스템에 부착된 장치가 작동하지 않습니다. (0x1F)
4월 22, 2022 16:23:02.761 [3232:24568:0422/162302.760:ERROR:device_event_log_impl.cc(214)] [16:23:02.760] USB: usb_device_handle_win.cc:1049 Failed to read descriptor from node connection: 시스템에 부착된 장치가 작동하지 않습니다. (0x1F)
4월 22, 2022 16:23:02.764 [3232:24568:0422/162302.764:ERROR:device_event_log_impl.cc(214)] [16:23:02.764] USB: usb_device_handle_win.cc:1049 Failed to read descriptor from node connection: 시스템에 부착된 장치가 작동하지 않습니다. (0x1F)
4월 22, 2022 16:48:34.526 [16324:11476:0422/164834.525:ERROR:device_event_log_impl.cc(214)] [16:48:34.525] USB: usb_device_handle_win.cc:1049 Failed to read descriptor from node connection: 시스템에 부착된 장치가 작동하지 않습니다. (0x1F)
4월 22, 2022 16:48:34.530 [16324:11476:0422/164834.530:ERROR:device_event_log_impl.cc(214)] [16:48:34.530] USB: usb_device_handle_win.cc:1049 Failed to read descriptor from node connection: 시스템에 부착된 장치가 작동하지 않습니다. (0x1F)
4월 22, 2022 16:49:32.266 [16324:16948:0422/164932.265:ERROR:util.cc(126)] Can't create base directory: C:\Program Files\Google\GoogleUpdater

4월 25, 2022 09:47:32.557 NEW SESSION
4월 25, 2022 09:47:32.557 [480:3432:0425/094732.555:ERROR:device_event_log_impl.cc(214)] [09:47:32.555] USB: usb_device_handle_win.cc:1049 Failed to read descriptor from node connection: 시스템에 부착된 장치가 작동하지 않습니다. (0x1F)
4월 25, 2022 09:48:30.274 [480:16656:0425/094830.273:ERROR:util.cc(126)] Can't create base directory: C:\Program Files\Google\GoogleUpdater
4월 25, 2022 14:48:30.284 [480:3468:0425/144830.282:ERROR:util.cc(126)] Can't create base directory: C:\Program Files\Google\GoogleUpdater
4월 25, 2022 14:59:53.992 [480:3432:0425/145953.992:ERROR:device_event_log_impl.cc(214)] [14:59:53.988] USB: usb_service_win.cc:260 Failed to get device driver name: 요소가 없습니다. (0x490)
4월 25, 2022 16:32:13.268 [26968:25356:0425/163213.267:ERROR:device_event_log_impl.cc(214)] [16:32:13.266] USB: usb_device_handle_win.cc:1049 Failed to read descriptor from node connection: 시스템에 부착된 장치가 작동하지 않습니다. (0x1F)
4월 25, 2022 16:33:10.949 [26968:10392:0425/163310.949:ERROR:util.cc(126)] Can't create base directory: C:\Program Files\Google\GoogleUpdater
4월 25, 2022 17:48:31.863 [17548:26872:0425/174831.862:ERROR:device_event_log_impl.cc(214)] [17:48:31.862] USB: usb_device_handle_win.cc:1049 Failed to read descriptor from node connection: 시스템에 부착된 장치가 작동하지 않습니다. (0x1F)
4월 25, 2022 17:48:31.865 [17548:26872:0425/174831.863:ERROR:device_event_log_impl.cc(214)] [17:48:31.863] USB: usb_device_handle_win.cc:1049 Failed to read descriptor from node connection: 시스템에 부착된 장치가 작동하지 않습니다. (0x1F)
4월 25, 2022 17:55:42.492 [3112:21916:0425/175542.492:ERROR:device_event_log_impl.cc(214)] [17:55:42.492] USB: usb_device_handle_win.cc:1049 Failed to read descriptor from node connection: 시스템에 부착된 장치가 작동하지 않습니다. (0x1F)
4월 25, 2022 17:55:42.495 [3112:21916:0425/175542.494:ERROR:device_event_log_impl.cc(214)] [17:55:42.495] USB: usb_device_handle_win.cc:1049 Failed to read descriptor from node connection: 시스템에 부착된 장치가 작동하지 않습니다. (0x1F)

4월 26, 2022 09:18:26.728 NEW SESSION
4월 26, 2022 09:18:26.728 [21820:15348:0426/091826.726:ERROR:device_event_log_impl.cc(214)] [09:18:26.726] USB: usb_device_handle_win.cc:1049 Failed to read descriptor from node connection: 시스템에 부착된 장치가 작동하지 않습니다. (0x1F)
4월 26, 2022 09:18:42.227 [14584:5716:0426/091842.227:ERROR:device_event_log_impl.cc(214)] [09:18:42.227] USB: usb_device_handle_win.cc:1049 Failed to read descriptor from node connection: 시스템에 부착된 장치가 작동하지 않습니다. (0x1F)
4월 26, 2022 09:19:20.730 [10324:10776:0426/091920.730:ERROR:device_event_log_impl.cc(214)] [09:19:20.730] USB: usb_device_handle_win.cc:1049 Failed to read descriptor from node connection: 시스템에 부착된 장치가 작동하지 않습니다. (0x1F)
4월 26, 2022 09:19:49.973 [9232:14040:0426/091949.972:ERROR:device_event_log_impl.cc(214)] [09:19:49.972] USB: usb_device_handle_win.cc:1049 Failed to read descriptor from node connection: 시스템에 부착된 장치가 작동하지 않습니다. (0x1F)
4월 26, 2022 09:22:57.865 [25872:3268:0426/092257.865:ERROR:device_event_log_impl.cc(214)] [09:22:57.864] USB: usb_device_handle_win.cc:1049 Failed to read descriptor from node connection: 시스템에 부착된 장치가 작동하지 않습니다. (0x1F)
4월 26, 2022 09:23:55.401 [25872:26460:0426/092355.401:ERROR:util.cc(126)] Can't create base directory: C:\Program Files\Google\GoogleUpdater
4월 26, 2022 14:23:55.406 [25872:6120:0426/142355.404:ERROR:util.cc(126)] Can't create base directory: C:\Program Files\Google\GoogleUpdater
4월 26, 2022 15:18:20.148 [25872:3268:0426/151820.147:ERROR:interface_endpoint_client.cc(659)] Message 0 rejected by interface blink.mojom.WidgetHost
4월 26, 2022 15:18:20.150 [25872:3268:0426/151820.147:ERROR:interface_endpoint_client.cc(659)] Message 3 rejected by interface blink.mojom.Widget
4월 26, 2022 15:18:52.111 [25872:3268:0426/151852.110:ERROR:interface_endpoint_client.cc(659)] Message 0 rejected by interface blink.mojom.WidgetHost
4월 26, 2022 15:18:52.111 [25872:3268:0426/151852.111:ERROR:interface_endpoint_client.cc(659)] Message 3 rejected by interface blink.mojom.Widget
4월 26, 2022 19:23:55.424 [25872:27348:0426/192355.420:ERROR:util.cc(126)] Can't create base directory: C:\Program Files\Google\GoogleUpdater

4월 27, 2022 14:12:46.218 NEW SESSION
4월 27, 2022 14:12:46.218 [15536:12396:0427/141246.215:ERROR:device_event_log_impl.cc(214)] [14:12:46.215] USB: usb_device_handle_win.cc:1049 Failed to read descriptor from node connection: 시스템에 부착된 장치가 작동하지 않습니다. (0x1F)
4월 27, 2022 14:13:43.784 [15536:18368:0427/141343.783:ERROR:util.cc(126)] Can't create base directory: C:\Program Files\Google\GoogleUpdater

4월 28, 2022 09:25:42.379 NEW SESSION
4월 28, 2022 09:25:42.379 [14744:14188:0428/092542.376:ERROR:device_event_log_impl.cc(214)] [09:25:42.376] USB: usb_device_handle_win.cc:1049 Failed to read descriptor from node connection: 시스템에 부착된 장치가 작동하지 않습니다. (0x1F)
4월 28, 2022 09:26:39.170 [14744:21720:0428/092639.170:ERROR:util.cc(126)] Can't create base directory: C:\Program Files\Google\GoogleUpdater
4월 28, 2022 13:35:17.978 [14744:26160:0428/133517.976:ERROR:mcs_client.cc(755)] Received close command, resetting connection.
4월 28, 2022 14:26:39.178 [14744:24984:0428/142639.177:ERROR:util.cc(126)] Can't create base directory: C:\Program Files\Google\GoogleUpdater

4월 29, 2022 09:26:09.250 NEW SESSION
4월 29, 2022 09:26:09.250 [14196:27472:0429/092609.248:ERROR:device_event_log_impl.cc(214)] [09:26:09.248] USB: usb_device_handle_win.cc:1049 Failed to read descriptor from node connection: 시스템에 부착된 장치가 작동하지 않습니다. (0x1F)
4월 29, 2022 09:27:06.407 [14196:9176:0429/092706.406:ERROR:util.cc(126)] Can't create base directory: C:\Program Files\Google\GoogleUpdater
4월 29, 2022 14:27:06.410 [14196:9944:0429/142706.408:ERROR:util.cc(126)] Can't create base directory: C:\Program Files\Google\GoogleUpdater
4월 29, 2022 14:28:14.112 [18840:636:0429/142814.112:ERROR:device_event_log_impl.cc(214)] [14:28:14.111] USB: usb_device_handle_win.cc:1049 Failed to read descriptor from node connection: 시스템에 부착된 장치가 작동하지 않습니다. (0x1F)
4월 29, 2022 14:29:11.856 [18840:3340:0429/142911.856:ERROR:util.cc(126)] Can't create base directory: C:\Program Files\Google\GoogleUpdater
4월 29, 2022 16:14:07.958 [18840:636:0429/161407.957:ERROR:interface_endpoint_client.cc(659)] Message 1 rejected by interface blink.mojom.WidgetHost
4월 29, 2022 19:29:11.883 [18840:16932:0429/192911.879:ERROR:util.cc(126)] Can't create base directory: C:\Program Files\Google\GoogleUpdater
4월 29, 2022 21:21:34.363 [18840:636:0429/212134.362:ERROR:device_event_log_impl.cc(214)] [21:21:34.362] USB: usb_service_win.cc:260 Failed to get device driver name: 요소가 없습니다. (0x490)
4월 30, 2022 24:29:11.888 [18840:12356:0430/002911.887:ERROR:util.cc(126)] Can't create base directory: C:\Program Files\Google\GoogleUpdater
4월 30, 2022 05:29:11.902 [18840:12356:0430/052911.898:ERROR:util.cc(126)] Can't create base directory: C:\Program Files\Google\GoogleUpdater
4월 30, 2022 10:29:11.918 [18840:20676:0430/102911.915:ERROR:util.cc(126)] Can't create base directory: C:\Program Files\Google\GoogleUpdater
4월 30, 2022 15:29:11.922 [18840:14244:0430/152911.919:ERROR:util.cc(126)] Can't create base directory: C:\Program Files\Google\GoogleUpdater
4월 30, 2022 18:11:36.902 [18840:20240:0430/181136.898:ERROR:mcs_client.cc(755)] Received close command, resetting connection.
4월 30, 2022 20:29:11.911 [18840:24268:0430/202911.910:ERROR:util.cc(126)] Can't create base directory: C:\Program Files\Google\GoogleUpdater
5월 01, 2022 01:29:11.929 [18840:14160:0501/012911.927:ERROR:util.cc(126)] Can't create base directory: C:\Program Files\Google\GoogleUpdater
5월 01, 2022 06:29:11.923 [18840:14160:0501/062911.922:ERROR:util.cc(126)] Can't create base directory: C:\Program Files\Google\GoogleUpdater
5월 01, 2022 11:29:12.958 [18840:12932:0501/112912.956:ERROR:util.cc(126)] Can't create base directory: C:\Program Files\Google\GoogleUpdater
5월 01, 2022 13:21:48.293 [18840:20240:0501/132148.292:ERROR:connection_factory_impl.cc(425)] Failed to connect to MCS endpoint with error -106
5월 01, 2022 16:29:12.961 [18840:12008:0501/162912.959:ERROR:util.cc(126)] Can't create base directory: C:\Program Files\Google\GoogleUpdater
5월 02, 2022 06:46:36.371 [18840:13672:0502/064636.370:ERROR:util.cc(126)] Can't create base directory: C:\Program Files\Google\GoogleUpdater
5월 02, 2022 11:46:35.595 [18840:828:0502/114635.594:ERROR:util.cc(126)] Can't create base directory: C:\Program Files\Google\GoogleUpdater
5월 02, 2022 13:25:22.422 [17328:23016:0502/132522.422:ERROR:device_event_log_impl.cc(214)] [13:25:22.421] USB: usb_device_handle_win.cc:1049 Failed to read descriptor from node connection: 시스템에 부착된 장치가 작동하지 않습니다. (0x1F)
5월 02, 2022 13:25:55.664 [27564:22944:0502/132555.663:ERROR:device_event_log_impl.cc(214)] [13:25:55.664] USB: usb_device_handle_win.cc:1049 Failed to read descriptor from node connection: 시스템에 부착된 장치가 작동하지 않습니다. (0x1F)
5월 02, 2022 13:27:33.432 [9424:18148:0502/132733.432:ERROR:device_event_log_impl.cc(214)] [13:27:33.432] USB: usb_device_handle_win.cc:1049 Failed to read descriptor from node connection: 시스템에 부착된 장치가 작동하지 않습니다. (0x1F)
5월 02, 2022 13:28:18.32 [24980:21488:0502/132818.031:ERROR:device_event_log_impl.cc(214)] [13:28:18.032] USB: usb_device_handle_win.cc:1049 Failed to read descriptor from node connection: 시스템에 부착된 장치가 작동하지 않습니다. (0x1F)
5월 02, 2022 13:28:38.555 [20760:20684:0502/132838.554:ERROR:device_event_log_impl.cc(214)] [13:28:38.553] USB: usb_device_handle_win.cc:1049 Failed to read descriptor from node connection: 시스템에 부착된 장치가 작동하지 않습니다. (0x1F)
5월 02, 2022 13:37:27.344 [17188:18688:0502/133727.344:ERROR:device_event_log_impl.cc(214)] [13:37:27.344] USB: usb_device_handle_win.cc:1049 Failed to read descriptor from node connection: 시스템에 부착된 장치가 작동하지 않습니다. (0x1F)
5월 02, 2022 13:46:38.484 [25376:25436:0502/134638.484:ERROR:device_event_log_impl.cc(214)] [13:46:38.484] USB: usb_device_handle_win.cc:1049 Failed to read descriptor from node connection: 시스템에 부착된 장치가 작동하지 않습니다. (0x1F)
5월 02, 2022 13:47:16.777 [12408:11992:0502/134716.776:ERROR:device_event_log_impl.cc(214)] [13:47:16.776] USB: usb_device_handle_win.cc:1049 Failed to read descriptor from node connection: 시스템에 부착된 장치가 작동하지 않습니다. (0x1F)
5월 02, 2022 13:48:13.262 [12408:16668:0502/134813.261:ERROR:util.cc(126)] Can't create base directory: C:\Program Files\Google\GoogleUpdater
5월 02, 2022 13:53:08.780 [12408:11992:0502/135308.778:ERROR:interface_endpoint_client.cc(659)] Message 0 rejected by interface blink.mojom.WidgetHost
5월 02, 2022 13:53:42.16 [16008:14144:0502/135342.015:ERROR:device_event_log_impl.cc(214)] [13:53:42.015] USB: usb_device_handle_win.cc:1049 Failed to read descriptor from node connection: 시스템에 부착된 장치가 작동하지 않습니다. (0x1F)
5월 02, 2022 13:54:01.782 [25148:14228:0502/135401.782:ERROR:device_event_log_impl.cc(214)] [13:54:01.782] USB: usb_device_handle_win.cc:1049 Failed to read descriptor from node connection: 시스템에 부착된 장치가 작동하지 않습니다. (0x1F)
5월 02, 2022 13:54:58.776 [25148:17192:0502/135458.775:ERROR:util.cc(126)] Can't create base directory: C:\Program Files\Google\GoogleUpdater
5월 02, 2022 14:27:41.723 [17392:25680:0502/142741.722:ERROR:device_event_log_impl.cc(214)] [14:27:41.722] USB: usb_device_handle_win.cc:1049 Failed to read descriptor from node connection: 시스템에 부착된 장치가 작동하지 않습니다. (0x1F)
5월 02, 2022 14:28:39.289 [17392:18856:0502/142839.288:ERROR:util.cc(126)] Can't create base directory: C:\Program Files\Google\GoogleUpdater
5월 02, 2022 15:19:34.874 [18508:27312:0502/151934.874:ERROR:device_event_log_impl.cc(214)] [15:19:34.874] USB: usb_device_handle_win.cc:1049 Failed to read descriptor from node connection: 시스템에 부착된 장치가 작동하지 않습니다. (0x1F)
5월 02, 2022 15:20:17.976 [4348:17236:0502/152017.976:ERROR:device_event_log_impl.cc(214)] [15:20:17.975] USB: usb_device_handle_win.cc:1049 Failed to read descriptor from node connection: 시스템에 부착된 장치가 작동하지 않습니다. (0x1F)
5월 02, 2022 15:20:34.59 [24204:11688:0502/152034.058:ERROR:device_event_log_impl.cc(214)] [15:20:34.058] USB: usb_device_handle_win.cc:1049 Failed to read descriptor from node connection: 시스템에 부착된 장치가 작동하지 않습니다. (0x1F)
5월 02, 2022 15:21:14.237 [26936:13272:0502/152114.237:ERROR:device_event_log_impl.cc(214)] [15:21:14.236] USB: usb_device_handle_win.cc:1049 Failed to read descriptor from node connection: 시스템에 부착된 장치가 작동하지 않습니다. (0x1F)
5월 02, 2022 15:22:10.712 [26936:25376:0502/152210.711:ERROR:util.cc(126)] Can't create base directory: C:\Program Files\Google\GoogleUpdater

5월 03, 2022 10:45:42.495 NEW SESSION
5월 03, 2022 10:45:42.496 [23720:4656:0503/104542.487:ERROR:device_event_log_impl.cc(214)] [10:45:42.488] USB: usb_device_handle_win.cc:1049 Failed to read descriptor from node connection: 시스템에 부착된 장치가 작동하지 않습니다. (0x1F)
5월 03, 2022 10:46:40.20 [23720:9576:0503/104640.020:ERROR:util.cc(126)] Can't create base directory: C:\Program Files\Google\GoogleUpdater
5월 03, 2022 12:58:02.239 [23720:10700:0503/125802.238:ERROR:connection_factory_impl.cc(425)] Failed to connect to MCS endpoint with error -106
5월 03, 2022 12:58:02.247 [23720:23268:0503/125802.246:ERROR:get_updates_processor.cc(260)] PostClientToServerMessage() failed during GetUpdates with error 2
5월 03, 2022 12:58:02.979 [23720:10700:0503/125802.978:ERROR:connection_factory_impl.cc(425)] Failed to connect to MCS endpoint with error -106
5월 03, 2022 15:46:40.16 [23720:24140:0503/154640.013:ERROR:util.cc(126)] Can't create base directory: C:\Program Files\Google\GoogleUpdater
5월 03, 2022 16:28:39.979 [23720:4656:0503/162839.978:ERROR:device_event_log_impl.cc(214)] [16:28:39.978] USB: usb_service_win.cc:260 Failed to get device driver name: 요소가 없습니다. (0x490)
5월 03, 2022 17:10:31.353 [11012:5492:0503/171031.350:ERROR:device_event_log_impl.cc(214)] [17:10:31.349] USB: usb_device_handle_win.cc:1049 Failed to read descriptor from node connection: 시스템에 부착된 장치가 작동하지 않습니다. (0x1F)
5월 03, 2022 17:10:31.364 [11012:5492:0503/171031.351:ERROR:device_event_log_impl.cc(214)] [17:10:31.352] USB: usb_device_handle_win.cc:1049 Failed to read descriptor from node connection: 시스템에 부착된 장치가 작동하지 않습니다. (0x1F)
5월 03, 2022 17:12:31.806 [20572:14240:0503/171231.803:ERROR:device_event_log_impl.cc(214)] [17:12:31.803] USB: usb_device_handle_win.cc:1049 Failed to read descriptor from node connection: 시스템에 부착된 장치가 작동하지 않습니다. (0x1F)
5월 03, 2022 17:12:31.811 [20572:14240:0503/171231.806:ERROR:device_event_log_impl.cc(214)] [17:12:31.806] USB: usb_device_handle_win.cc:1049 Failed to read descriptor from node connection: 시스템에 부착된 장치가 작동하지 않습니다. (0x1F)
5월 03, 2022 17:12:33.590 [20572:14240:0503/171233.587:ERROR:interface_endpoint_client.cc(659)] Message 0 rejected by interface blink.mojom.WidgetHost

5월 04, 2022 09:21:45.547 NEW SESSION
5월 04, 2022 09:21:45.547 [13484:8976:0504/092145.544:ERROR:device_event_log_impl.cc(214)] [09:21:45.545] USB: usb_device_handle_win.cc:1049 Failed to read descriptor from node connection: 시스템에 부착된 장치가 작동하지 않습니다. (0x1F)
5월 04, 2022 09:22:42.994 [13484:27332:0504/092242.994:ERROR:util.cc(126)] Can't create base directory: C:\Program Files\Google\GoogleUpdater
5월 04, 2022 13:13:20.474 [17116:10528:0504/131320.473:ERROR:device_event_log_impl.cc(214)] [13:13:20.473] USB: usb_device_handle_win.cc:1049 Failed to read descriptor from node connection: 시스템에 부착된 장치가 작동하지 않습니다. (0x1F)
5월 04, 2022 13:14:17.576 [17116:16260:0504/131417.575:ERROR:util.cc(126)] Can't create base directory: C:\Program Files\Google\GoogleUpdater
5월 04, 2022 14:36:19.975 [17116:8836:0504/143619.974:ERROR:connection_factory_impl.cc(425)] Failed to connect to MCS endpoint with error -106
5월 04, 2022 14:40:34.14 [17116:8836:0504/144034.014:ERROR:connection_factory_impl.cc(425)] Failed to connect to MCS endpoint with error -106
5월 04, 2022 16:53:09.430 [4320:26800:0504/165309.429:ERROR:device_event_log_impl.cc(214)] [16:53:09.430] USB: usb_device_handle_win.cc:1049 Failed to read descriptor from node connection: 시스템에 부착된 장치가 작동하지 않습니다. (0x1F)
5월 04, 2022 16:54:06.755 [4320:23280:0504/165406.755:ERROR:util.cc(126)] Can't create base directory: C:\Program Files\Google\GoogleUpdater

5월 08, 2022 18:14:22.667 NEW SESSION
5월 08, 2022 18:14:22.667 [3556:17900:0508/181422.663:ERROR:device_event_log_impl.cc(214)] [18:14:22.664] USB: usb_device_handle_win.cc:1049 Failed to read descriptor from node connection: 시스템에 부착된 장치가 작동하지 않습니다. (0x1F)
5월 08, 2022 18:14:22.669 [3556:17900:0508/181422.664:ERROR:device_event_log_impl.cc(214)] [18:14:22.664] USB: usb_device_handle_win.cc:1049 Failed to read descriptor from node connection: 시스템에 부착된 장치가 작동하지 않습니다. (0x1F)
5월 08, 2022 18:15:20.190 [3556:23044:0508/181520.190:ERROR:util.cc(126)] Can't create base directory: C:\Program Files\Google\GoogleUpdater
5월 08, 2022 18:46:26.866 [3556:17900:0508/184626.865:ERROR:device_event_log_impl.cc(214)] [18:46:26.865] USB: usb_service_win.cc:307 SetupDiEnumDeviceInterfaces: 사용 가능한 데이터가 없습니다. (0x103)
5월 08, 2022 19:26:14.567 [14128:24332:0508/192614.566:ERROR:device_event_log_impl.cc(214)] [19:26:14.566] USB: usb_device_handle_win.cc:1049 Failed to read descriptor from node connection: 시스템에 부착된 장치가 작동하지 않습니다. (0x1F)
5월 08, 2022 19:26:14.568 [14128:24332:0508/192614.567:ERROR:device_event_log_impl.cc(214)] [19:26:14.566] USB: usb_device_handle_win.cc:1049 Failed to read descriptor from node connection: 시스템에 부착된 장치가 작동하지 않습니다. (0x1F)
5월 08, 2022 19:26:53.275 [10688:22980:0508/192653.274:ERROR:device_event_log_impl.cc(214)] [19:26:53.274] USB: usb_device_handle_win.cc:1049 Failed to read descriptor from node connection: 시스템에 부착된 장치가 작동하지 않습니다. (0x1F)
5월 08, 2022 19:26:53.277 [10688:22980:0508/192653.276:ERROR:device_event_log_impl.cc(214)] [19:26:53.277] USB: usb_device_handle_win.cc:1049 Failed to read descriptor from node connection: 시스템에 부착된 장치가 작동하지 않습니다. (0x1F)
5월 08, 2022 19:27:49.809 [10688:24304:0508/192749.809:ERROR:util.cc(126)] Can't create base directory: C:\Program Files\Google\GoogleUpdater
5월 08, 2022 21:45:20.980 [10688:22980:0508/214520.979:ERROR:interface_endpoint_client.cc(665)] Message 0 rejected by interface blink.mojom.WidgetHost
5월 08, 2022 21:45:20.982 [10688:22980:0508/214520.980:ERROR:interface_endpoint_client.cc(665)] Message 0 rejected by interface blink.mojom.WidgetHost
5월 09, 2022 08:53:49.115 [10688:1484:0509/085349.113:ERROR:util.cc(126)] Can't create base directory: C:\Program Files\Google\GoogleUpdater
5월 09, 2022 13:53:48.827 [10688:13324:0509/135348.825:ERROR:util.cc(126)] Can't create base directory: C:\Program Files\Google\GoogleUpdater
5월 09, 2022 16:47:56.944 [10688:22980:0509/164756.943:ERROR:interface_endpoint_client.cc(665)] Message 1 rejected by interface blink.mojom.WidgetHost
5월 09, 2022 18:53:48.849 [10688:13860:0509/185348.848:ERROR:util.cc(126)] Can't create base directory: C:\Program Files\Google\GoogleUpdater

5월 09, 2022 20:44:38.625 NEW SESSION
5월 09, 2022 20:44:38.625 [9428:14320:0509/204438.623:ERROR:device_event_log_impl.cc(214)] [20:44:38.623] USB: usb_device_handle_win.cc:1049 Failed to read descriptor from node connection: 시스템에 부착된 장치가 작동하지 않습니다. (0x1F)
5월 09, 2022 20:44:38.627 [9428:14320:0509/204438.626:ERROR:device_event_log_impl.cc(214)] [20:44:38.627] USB: usb_device_handle_win.cc:1049 Failed to read descriptor from node connection: 시스템에 부착된 장치가 작동하지 않습니다. (0x1F)
5월 09, 2022 20:45:35.439 [9428:29572:0509/204535.439:ERROR:util.cc(126)] Can't create base directory: C:\Program Files\Google\GoogleUpdater

5월 09, 2022 22:28:19.39 NEW SESSION
5월 09, 2022 22:28:19.39 [29576:30100:0509/222819.035:ERROR:device_event_log_impl.cc(214)] [22:28:19.035] USB: usb_device_handle_win.cc:1049 Failed to read descriptor from node connection: 시스템에 부착된 장치가 작동하지 않습니다. (0x1F)
5월 09, 2022 22:28:19.41 [29576:30100:0509/222819.037:ERROR:device_event_log_impl.cc(214)] [22:28:19.036] USB: usb_device_handle_win.cc:1049 Failed to read descriptor from node connection: 시스템에 부착된 장치가 작동하지 않습니다. (0x1F)
5월 09, 2022 22:29:15.563 [29576:10028:0509/222915.562:ERROR:util.cc(126)] Can't create base directory: C:\Program Files\Google\GoogleUpdater

5월 10, 2022 09:23:24.35 NEW SESSION
5월 10, 2022 09:23:24.35 [29760:21980:0510/092324.032:ERROR:device_event_log_impl.cc(214)] [09:23:24.032] USB: usb_device_handle_win.cc:1049 Failed to read descriptor from node connection: 시스템에 부착된 장치가 작동하지 않습니다. (0x1F)
5월 10, 2022 09:24:06.47 [29600:22296:0510/092406.047:ERROR:device_event_log_impl.cc(214)] [09:24:06.046] USB: usb_device_handle_win.cc:1049 Failed to read descriptor from node connection: 시스템에 부착된 장치가 작동하지 않습니다. (0x1F)
5월 10, 2022 09:25:03.191 [29600:17280:0510/092503.190:ERROR:util.cc(126)] Can't create base directory: C:\Program Files\Google\GoogleUpdater

5월 10, 2022 17:19:05.762 NEW SESSION
5월 10, 2022 17:19:05.762 [21000:29876:0510/171905.758:ERROR:device_event_log_impl.cc(214)] [17:19:05.757] USB: usb_device_handle_win.cc:1049 Failed to read descriptor from node connection: 시스템에 부착된 장치가 작동하지 않습니다. (0x1F)
5월 10, 2022 17:19:05.764 [21000:29876:0510/171905.759:ERROR:device_event_log_impl.cc(214)] [17:19:05.759] USB: usb_device_handle_win.cc:1049 Failed to read descriptor from node connection: 시스템에 부착된 장치가 작동하지 않습니다. (0x1F)
5월 10, 2022 17:20:02.292 [21000:24260:0510/172002.292:ERROR:util.cc(126)] Can't create base directory: C:\Program Files\Google\GoogleUpdater

5월 10, 2022 21:32:48.855 NEW SESSION
5월 10, 2022 21:32:48.855 [9940:25064:0510/213248.853:ERROR:device_event_log_impl.cc(214)] [21:32:48.853] USB: usb_device_handle_win.cc:1049 Failed to read descriptor from node connection: 시스템에 부착된 장치가 작동하지 않습니다. (0x1F)
5월 10, 2022 21:32:48.857 [9940:25064:0510/213248.854:ERROR:device_event_log_impl.cc(214)] [21:32:48.854] USB: usb_device_handle_win.cc:1049 Failed to read descriptor from node connection: 시스템에 부착된 장치가 작동하지 않습니다. (0x1F)
5월 10, 2022 21:33:45.772 [9940:9860:0510/213345.772:ERROR:util.cc(126)] Can't create base directory: C:\Program Files\Google\GoogleUpdater

5월 11, 2022 17:18:06.894 NEW SESSION
5월 11, 2022 17:18:06.895 [19968:21812:0511/171806.891:ERROR:device_event_log_impl.cc(214)] [17:18:06.891] USB: usb_device_handle_win.cc:1049 Failed to read descriptor from node connection: 시스템에 부착된 장치가 작동하지 않습니다. (0x1F)
5월 11, 2022 17:18:06.898 [19968:21812:0511/171806.891:ERROR:device_event_log_impl.cc(214)] [17:18:06.891] USB: usb_device_handle_win.cc:1049 Failed to read descriptor from node connection: 시스템에 부착된 장치가 작동하지 않습니다. (0x1F)
5월 11, 2022 17:19:04.87 [19968:21084:0511/171904.087:ERROR:util.cc(126)] Can't create base directory: C:\Program Files\Google\GoogleUpdater
5월 11, 2022 17:22:46.397 [24032:15400:0511/172246.397:ERROR:device_event_log_impl.cc(214)] [17:22:46.397] USB: usb_device_handle_win.cc:1049 Failed to read descriptor from node connection: 시스템에 부착된 장치가 작동하지 않습니다. (0x1F)
5월 11, 2022 17:22:46.398 [24032:15400:0511/172246.398:ERROR:device_event_log_impl.cc(214)] [17:22:46.398] USB: usb_device_handle_win.cc:1049 Failed to read descriptor from node connection: 시스템에 부착된 장치가 작동하지 않습니다. (0x1F)
5월 11, 2022 17:23:42.968 [24032:12656:0511/172342.968:ERROR:util.cc(126)] Can't create base directory: C:\Program Files\Google\GoogleUpdater
5월 11, 2022 17:40:25.335 [11212:896:0511/174025.334:ERROR:device_event_log_impl.cc(214)] [17:40:25.335] USB: usb_device_handle_win.cc:1049 Failed to read descriptor from node connection: 시스템에 부착된 장치가 작동하지 않습니다. (0x1F)
5월 11, 2022 17:40:25.337 [11212:896:0511/174025.336:ERROR:device_event_log_impl.cc(214)] [17:40:25.337] USB: usb_device_handle_win.cc:1049 Failed to read descriptor from node connection: 시스템에 부착된 장치가 작동하지 않습니다. (0x1F)
5월 11, 2022 17:41:21.839 [11212:14972:0511/174121.839:ERROR:util.cc(126)] Can't create base directory: C:\Program Files\Google\GoogleUpdater
5월 11, 2022 17:43:07.286 [12296:27740:0511/174307.285:ERROR:device_event_log_impl.cc(214)] [17:43:07.285] USB: usb_device_handle_win.cc:1049 Failed to read descriptor from node connection: 시스템에 부착된 장치가 작동하지 않습니다. (0x1F)
5월 11, 2022 17:43:07.286 [12296:27740:0511/174307.286:ERROR:device_event_log_impl.cc(214)] [17:43:07.285] USB: usb_device_handle_win.cc:1049 Failed to read descriptor from node connection: 시스템에 부착된 장치가 작동하지 않습니다. (0x1F)

5월 11, 2022 17:45:53.239 NEW SESSION
5월 11, 2022 17:45:53.240 [27304:4564:0511/174553.237:ERROR:device_event_log_impl.cc(214)] [17:45:53.237] USB: usb_device_handle_win.cc:1049 Failed to read descriptor from node connection: 시스템에 부착된 장치가 작동하지 않습니다. (0x1F)
5월 11, 2022 17:45:53.240 [27304:4564:0511/174553.237:ERROR:device_event_log_impl.cc(214)] [17:45:53.237] USB: usb_device_handle_win.cc:1049 Failed to read descriptor from node connection: 시스템에 부착된 장치가 작동하지 않습니다. (0x1F)
5월 11, 2022 18:02:12.299 [24668:29280:0511/180212.299:ERROR:device_event_log_impl.cc(214)] [18:02:12.298] USB: usb_device_handle_win.cc:1049 Failed to read descriptor from node connection: 시스템에 부착된 장치가 작동하지 않습니다. (0x1F)
5월 11, 2022 18:02:12.301 [24668:29280:0511/180212.300:ERROR:device_event_log_impl.cc(214)] [18:02:12.299] USB: usb_device_handle_win.cc:1049 Failed to read descriptor from node connection: 시스템에 부착된 장치가 작동하지 않습니다. (0x1F)
5월 11, 2022 18:02:40.912 [21928:16024:0511/180240.912:ERROR:device_event_log_impl.cc(214)] [18:02:40.912] USB: usb_device_handle_win.cc:1049 Failed to read descriptor from node connection: 시스템에 부착된 장치가 작동하지 않습니다. (0x1F)
5월 11, 2022 18:02:40.914 [21928:16024:0511/180240.913:ERROR:device_event_log_impl.cc(214)] [18:02:40.913] USB: usb_device_handle_win.cc:1049 Failed to read descriptor from node connection: 시스템에 부착된 장치가 작동하지 않습니다. (0x1F)
5월 11, 2022 18:03:20.907 [23220:24860:0511/180320.907:ERROR:device_event_log_impl.cc(214)] [18:03:20.907] USB: usb_device_handle_win.cc:1049 Failed to read descriptor from node connection: 시스템에 부착된 장치가 작동하지 않습니다. (0x1F)
5월 11, 2022 18:03:20.908 [23220:24860:0511/180320.908:ERROR:device_event_log_impl.cc(214)] [18:03:20.908] USB: usb_device_handle_win.cc:1049 Failed to read descriptor from node connection: 시스템에 부착된 장치가 작동하지 않습니다. (0x1F)
5월 11, 2022 18:04:29.583 [17580:25824:0511/180429.582:ERROR:device_event_log_impl.cc(214)] [18:04:29.583] USB: usb_device_handle_win.cc:1049 Failed to read descriptor from node connection: 시스템에 부착된 장치가 작동하지 않습니다. (0x1F)
5월 11, 2022 18:04:29.584 [17580:25824:0511/180429.583:ERROR:device_event_log_impl.cc(214)] [18:04:29.584] USB: usb_device_handle_win.cc:1049 Failed to read descriptor from node connection: 시스템에 부착된 장치가 작동하지 않습니다. (0x1F)
5월 11, 2022 18:04:43.636 [19632:26772:0511/180443.636:ERROR:device_event_log_impl.cc(214)] [18:04:43.636] USB: usb_device_handle_win.cc:1049 Failed to read descriptor from node connection: 시스템에 부착된 장치가 작동하지 않습니다. (0x1F)
5월 11, 2022 18:04:43.637 [19632:26772:0511/180443.637:ERROR:device_event_log_impl.cc(214)] [18:04:43.637] USB: usb_device_handle_win.cc:1049 Failed to read descriptor from node connection: 시스템에 부착된 장치가 작동하지 않습니다. (0x1F)
5월 11, 2022 18:07:00.716 [6932:14432:0511/180700.716:ERROR:device_event_log_impl.cc(214)] [18:07:00.716] USB: usb_device_handle_win.cc:1049 Failed to read descriptor from node connection: 시스템에 부착된 장치가 작동하지 않습니다. (0x1F)
5월 11, 2022 18:07:00.718 [6932:14432:0511/180700.718:ERROR:device_event_log_impl.cc(214)] [18:07:00.718] USB: usb_device_handle_win.cc:1049 Failed to read descriptor from node connection: 시스템에 부착된 장치가 작동하지 않습니다. (0x1F)
5월 11, 2022 18:08:13.114 [9840:13168:0511/180813.114:ERROR:device_event_log_impl.cc(214)] [18:08:13.114] USB: usb_device_handle_win.cc:1049 Failed to read descriptor from node connection: 시스템에 부착된 장치가 작동하지 않습니다. (0x1F)
5월 11, 2022 18:08:13.115 [9840:13168:0511/180813.115:ERROR:device_event_log_impl.cc(214)] [18:08:13.115] USB: usb_device_handle_win.cc:1049 Failed to read descriptor from node connection: 시스템에 부착된 장치가 작동하지 않습니다. (0x1F)
5월 11, 2022 18:09:24.168 [18556:28552:0511/180924.167:ERROR:device_event_log_impl.cc(214)] [18:09:24.167] USB: usb_device_handle_win.cc:1049 Failed to read descriptor from node connection: 시스템에 부착된 장치가 작동하지 않습니다. (0x1F)
5월 11, 2022 18:09:24.169 [18556:28552:0511/180924.168:ERROR:device_event_log_impl.cc(214)] [18:09:24.168] USB: usb_device_handle_win.cc:1049 Failed to read descriptor from node connection: 시스템에 부착된 장치가 작동하지 않습니다. (0x1F)
5월 11, 2022 18:10:39.298 [27584:2516:0511/181039.298:ERROR:device_event_log_impl.cc(214)] [18:10:39.299] USB: usb_device_handle_win.cc:1049 Failed to read descriptor from node connection: 시스템에 부착된 장치가 작동하지 않습니다. (0x1F)
5월 11, 2022 18:10:39.299 [27584:2516:0511/181039.299:ERROR:device_event_log_impl.cc(214)] [18:10:39.300] USB: usb_device_handle_win.cc:1049 Failed to read descriptor from node connection: 시스템에 부착된 장치가 작동하지 않습니다. (0x1F)
5월 11, 2022 18:22:37.22 [11200:18208:0511/182237.021:ERROR:device_event_log_impl.cc(214)] [18:22:37.020] USB: usb_device_handle_win.cc:1049 Failed to read descriptor from node connection: 시스템에 부착된 장치가 작동하지 않습니다. (0x1F)
5월 11, 2022 18:22:37.23 [11200:18208:0511/182237.022:ERROR:device_event_log_impl.cc(214)] [18:22:37.021] USB: usb_device_handle_win.cc:1049 Failed to read descriptor from node connection: 시스템에 부착된 장치가 작동하지 않습니다. (0x1F)
5월 11, 2022 18:22:53.294 [14016:2712:0511/182253.294:ERROR:device_event_log_impl.cc(214)] [18:22:53.294] USB: usb_device_handle_win.cc:1049 Failed to read descriptor from node connection: 시스템에 부착된 장치가 작동하지 않습니다. (0x1F)
5월 11, 2022 18:22:53.295 [14016:2712:0511/182253.294:ERROR:device_event_log_impl.cc(214)] [18:22:53.294] USB: usb_device_handle_win.cc:1049 Failed to read descriptor from node connection: 시스템에 부착된 장치가 작동하지 않습니다. (0x1F)
5월 11, 2022 18:23:49.577 [14016:21704:0511/182349.576:ERROR:util.cc(126)] Can't create base directory: C:\Program Files\Google\GoogleUpdater

5월 12, 2022 17:08:50.308 NEW SESSION
5월 12, 2022 17:08:50.308 [22996:23520:0512/170850.304:ERROR:device_event_log_impl.cc(214)] [17:08:50.305] USB: usb_device_handle_win.cc:1049 Failed to read descriptor from node connection: 시스템에 부착된 장치가 작동하지 않습니다. (0x1F)
5월 12, 2022 17:08:50.310 [22996:23520:0512/170850.308:ERROR:device_event_log_impl.cc(214)] [17:08:50.308] USB: usb_device_handle_win.cc:1049 Failed to read descriptor from node connection: 시스템에 부착된 장치가 작동하지 않습니다. (0x1F)

5월 16, 2022 15:57:28.128 NEW SESSION
5월 16, 2022 15:57:28.128 [21972:11060:0516/155728.125:ERROR:device_event_log_impl.cc(214)] [15:57:28.124] USB: usb_device_handle_win.cc:1049 Failed to read descriptor from node connection: 시스템에 부착된 장치가 작동하지 않습니다. (0x1F)
5월 16, 2022 15:57:28.130 [21972:11060:0516/155728.129:ERROR:device_event_log_impl.cc(214)] [15:57:28.129] USB: usb_device_handle_win.cc:1049 Failed to read descriptor from node connection: 시스템에 부착된 장치가 작동하지 않습니다. (0x1F)
5월 16, 2022 15:57:58.522 [7604:15500:0516/155758.522:ERROR:device_event_log_impl.cc(214)] [15:57:58.521] USB: usb_device_handle_win.cc:1049 Failed to read descriptor from node connection: 시스템에 부착된 장치가 작동하지 않습니다. (0x1F)
5월 16, 2022 15:57:58.527 [7604:15500:0516/155758.526:ERROR:device_event_log_impl.cc(214)] [15:57:58.526] USB: usb_device_handle_win.cc:1049 Failed to read descriptor from node connection: 시스템에 부착된 장치가 작동하지 않습니다. (0x1F)
5월 16, 2022 16:02:23.253 [19176:10460:0516/160223.253:ERROR:device_event_log_impl.cc(214)] [16:02:23.253] USB: usb_device_handle_win.cc:1049 Failed to read descriptor from node connection: 시스템에 부착된 장치가 작동하지 않습니다. (0x1F)
5월 16, 2022 16:02:23.258 [19176:10460:0516/160223.258:ERROR:device_event_log_impl.cc(214)] [16:02:23.258] USB: usb_device_handle_win.cc:1049 Failed to read descriptor from node connection: 시스템에 부착된 장치가 작동하지 않습니다. (0x1F)
5월 16, 2022 16:03:26.540 [23276:14384:0516/160326.540:ERROR:device_event_log_impl.cc(214)] [16:03:26.540] USB: usb_device_handle_win.cc:1049 Failed to read descriptor from node connection: 시스템에 부착된 장치가 작동하지 않습니다. (0x1F)
5월 16, 2022 16:03:26.544 [23276:14384:0516/160326.544:ERROR:device_event_log_impl.cc(214)] [16:03:26.544] USB: usb_device_handle_win.cc:1049 Failed to read descriptor from node connection: 시스템에 부착된 장치가 작동하지 않습니다. (0x1F)
5월 16, 2022 16:04:23.124 [23276:16944:0516/160423.124:ERROR:util.cc(126)] Can't create base directory: C:\Program Files\Google\GoogleUpdater
5월 16, 2022 16:09:52.788 [19880:21672:0516/160952.787:ERROR:device_event_log_impl.cc(214)] [16:09:52.787] USB: usb_device_handle_win.cc:1049 Failed to read descriptor from node connection: 시스템에 부착된 장치가 작동하지 않습니다. (0x1F)
5월 16, 2022 16:09:52.792 [19880:21672:0516/160952.792:ERROR:device_event_log_impl.cc(214)] [16:09:52.791] USB: usb_device_handle_win.cc:1049 Failed to read descriptor from node connection: 시스템에 부착된 장치가 작동하지 않습니다. (0x1F)
5월 16, 2022 16:25:51.973 [5668:4892:0516/162551.972:ERROR:device_event_log_impl.cc(214)] [16:25:51.972] USB: usb_device_handle_win.cc:1049 Failed to read descriptor from node connection: 시스템에 부착된 장치가 작동하지 않습니다. (0x1F)
5월 16, 2022 16:25:51.981 [5668:4892:0516/162551.980:ERROR:device_event_log_impl.cc(214)] [16:25:51.981] USB: usb_device_handle_win.cc:1049 Failed to read descriptor from node connection: 시스템에 부착된 장치가 작동하지 않습니다. (0x1F)
5월 16, 2022 16:30:34.637 [23904:19448:0516/163034.637:ERROR:device_event_log_impl.cc(214)] [16:30:34.636] USB: usb_device_handle_win.cc:1049 Failed to read descriptor from node connection: 시스템에 부착된 장치가 작동하지 않습니다. (0x1F)
5월 16, 2022 16:30:34.643 [23904:19448:0516/163034.642:ERROR:device_event_log_impl.cc(214)] [16:30:34.642] USB: usb_device_handle_win.cc:1049 Failed to read descriptor from node connection: 시스템에 부착된 장치가 작동하지 않습니다. (0x1F)
5월 16, 2022 16:31:12.233 [16616:23356:0516/163112.233:ERROR:device_event_log_impl.cc(214)] [16:31:12.233] USB: usb_device_handle_win.cc:1049 Failed to read descriptor from node connection: 시스템에 부착된 장치가 작동하지 않습니다. (0x1F)
5월 16, 2022 16:31:12.238 [16616:23356:0516/163112.238:ERROR:device_event_log_impl.cc(214)] [16:31:12.238] USB: usb_device_handle_win.cc:1049 Failed to read descriptor from node connection: 시스템에 부착된 장치가 작동하지 않습니다. (0x1F)
5월 16, 2022 16:32:08.800 [16616:22764:0516/163208.800:ERROR:util.cc(126)] Can't create base directory: C:\Program Files\Google\GoogleUpdater
5월 16, 2022 16:32:55.373 [18752:23576:0516/163255.372:ERROR:device_event_log_impl.cc(214)] [16:32:55.372] USB: usb_device_handle_win.cc:1049 Failed to read descriptor from node connection: 시스템에 부착된 장치가 작동하지 않습니다. (0x1F)
5월 16, 2022 16:32:55.377 [18752:23576:0516/163255.377:ERROR:device_event_log_impl.cc(214)] [16:32:55.377] USB: usb_device_handle_win.cc:1049 Failed to read descriptor from node connection: 시스템에 부착된 장치가 작동하지 않습니다. (0x1F)
5월 16, 2022 16:34:17.230 [16752:19744:0516/163417.229:ERROR:device_event_log_impl.cc(214)] [16:34:17.229] USB: usb_device_handle_win.cc:1049 Failed to read descriptor from node connection: 시스템에 부착된 장치가 작동하지 않습니다. (0x1F)
5월 16, 2022 16:34:17.239 [16752:19744:0516/163417.239:ERROR:device_event_log_impl.cc(214)] [16:34:17.238] USB: usb_device_handle_win.cc:1049 Failed to read descriptor from node connection: 시스템에 부착된 장치가 작동하지 않습니다. (0x1F)
5월 16, 2022 16:35:05.111 [16592:16256:0516/163505.111:ERROR:device_event_log_impl.cc(214)] [16:35:05.111] USB: usb_device_handle_win.cc:1049 Failed to read descriptor from node connection: 시스템에 부착된 장치가 작동하지 않습니다. (0x1F)
5월 16, 2022 16:35:05.115 [16592:16256:0516/163505.115:ERROR:device_event_log_impl.cc(214)] [16:35:05.114] USB: usb_device_handle_win.cc:1049 Failed to read descriptor from node connection: 시스템에 부착된 장치가 작동하지 않습니다. (0x1F)
5월 16, 2022 16:36:40.539 [5800:24464:0516/163640.539:ERROR:device_event_log_impl.cc(214)] [16:36:40.539] USB: usb_device_handle_win.cc:1049 Failed to read descriptor from node connection: 시스템에 부착된 장치가 작동하지 않습니다. (0x1F)
5월 16, 2022 16:36:40.550 [5800:24464:0516/163640.550:ERROR:device_event_log_impl.cc(214)] [16:36:40.550] USB: usb_device_handle_win.cc:1049 Failed to read descriptor from node connection: 시스템에 부착된 장치가 작동하지 않습니다. (0x1F)
5월 16, 2022 16:38:31.60 [23240:22536:0516/163831.060:ERROR:device_event_log_impl.cc(214)] [16:38:31.060] USB: usb_device_handle_win.cc:1049 Failed to read descriptor from node connection: 시스템에 부착된 장치가 작동하지 않습니다. (0x1F)
5월 16, 2022 16:38:31.66 [23240:22536:0516/163831.066:ERROR:device_event_log_impl.cc(214)] [16:38:31.066] USB: usb_device_handle_win.cc:1049 Failed to read descriptor from node connection: 시스템에 부착된 장치가 작동하지 않습니다. (0x1F)
5월 16, 2022 16:40:43.621 [21656:10460:0516/164043.621:ERROR:device_event_log_impl.cc(214)] [16:40:43.622] USB: usb_device_handle_win.cc:1049 Failed to read descriptor from node connection: 시스템에 부착된 장치가 작동하지 않습니다. (0x1F)
5월 16, 2022 16:40:43.626 [21656:10460:0516/164043.626:ERROR:device_event_log_impl.cc(214)] [16:40:43.627] USB: usb_device_handle_win.cc:1049 Failed to read descriptor from node connection: 시스템에 부착된 장치가 작동하지 않습니다. (0x1F)
5월 16, 2022 16:45:03.649 [23772:15420:0516/164503.649:ERROR:device_event_log_impl.cc(214)] [16:45:03.649] USB: usb_device_handle_win.cc:1049 Failed to read descriptor from node connection: 시스템에 부착된 장치가 작동하지 않습니다. (0x1F)
5월 16, 2022 16:45:03.654 [23772:15420:0516/164503.654:ERROR:device_event_log_impl.cc(214)] [16:45:03.654] USB: usb_device_handle_win.cc:1049 Failed to read descriptor from node connection: 시스템에 부착된 장치가 작동하지 않습니다. (0x1F)
5월 16, 2022 16:48:37.596 [23648:22300:0516/164837.595:ERROR:device_event_log_impl.cc(214)] [16:48:37.596] USB: usb_device_handle_win.cc:1049 Failed to read descriptor from node connection: 시스템에 부착된 장치가 작동하지 않습니다. (0x1F)
5월 16, 2022 16:48:37.600 [23648:22300:0516/164837.600:ERROR:device_event_log_impl.cc(214)] [16:48:37.600] USB: usb_device_handle_win.cc:1049 Failed to read descriptor from node connection: 시스템에 부착된 장치가 작동하지 않습니다. (0x1F)
5월 16, 2022 16:49:34.08 [23648:4056:0516/164934.008:ERROR:util.cc(126)] Can't create base directory: C:\Program Files\Google\GoogleUpdater
5월 16, 2022 16:56:52.620 [2468:17116:0516/165652.619:ERROR:device_event_log_impl.cc(214)] [16:56:52.620] USB: usb_device_handle_win.cc:1049 Failed to read descriptor from node connection: 시스템에 부착된 장치가 작동하지 않습니다. (0x1F)
5월 16, 2022 16:56:52.625 [2468:17116:0516/165652.624:ERROR:device_event_log_impl.cc(214)] [16:56:52.625] USB: usb_device_handle_win.cc:1049 Failed to read descriptor from node connection: 시스템에 부착된 장치가 작동하지 않습니다. (0x1F)
5월 16, 2022 16:58:15.141 [17684:23904:0516/165815.141:ERROR:device_event_log_impl.cc(214)] [16:58:15.141] USB: usb_device_handle_win.cc:1049 Failed to read descriptor from node connection: 시스템에 부착된 장치가 작동하지 않습니다. (0x1F)
5월 16, 2022 16:58:15.145 [17684:23904:0516/165815.145:ERROR:device_event_log_impl.cc(214)] [16:58:15.145] USB: usb_device_handle_win.cc:1049 Failed to read descriptor from node connection: 시스템에 부착된 장치가 작동하지 않습니다. (0x1F)
5월 16, 2022 16:59:12.415 [17684:19316:0516/165912.415:ERROR:util.cc(126)] Can't create base directory: C:\Program Files\Google\GoogleUpdater
5월 16, 2022 17:58:45.474 [16220:22184:0516/175845.473:ERROR:device_event_log_impl.cc(214)] [17:58:45.474] USB: usb_device_handle_win.cc:1049 Failed to read descriptor from node connection: 시스템에 부착된 장치가 작동하지 않습니다. (0x1F)
5월 16, 2022 17:58:45.478 [16220:22184:0516/175845.478:ERROR:device_event_log_impl.cc(214)] [17:58:45.478] USB: usb_device_handle_win.cc:1049 Failed to read descriptor from node connection: 시스템에 부착된 장치가 작동하지 않습니다. (0x1F)
5월 16, 2022 17:58:45.479 [16220:22184:0516/175845.479:ERROR:device_event_log_impl.cc(214)] [17:58:45.479] USB: usb_device_handle_win.cc:1049 Failed to read descriptor from node connection: 시스템에 부착된 장치가 작동하지 않습니다. (0x1F)

5월 16, 2022 18:05:34.256 NEW SESSION
5월 16, 2022 18:05:34.256 [21372:12068:0516/180534.254:ERROR:device_event_log_impl.cc(214)] [18:05:34.254] USB: usb_device_handle_win.cc:1049 Failed to read descriptor from node connection: 시스템에 부착된 장치가 작동하지 않습니다. (0x1F)
5월 16, 2022 18:05:34.260 [21372:12068:0516/180534.259:ERROR:device_event_log_impl.cc(214)] [18:05:34.259] USB: usb_device_handle_win.cc:1049 Failed to read descriptor from node connection: 시스템에 부착된 장치가 작동하지 않습니다. (0x1F)
5월 16, 2022 18:05:34.260 [21372:12068:0516/180534.260:ERROR:device_event_log_impl.cc(214)] [18:05:34.260] USB: usb_device_handle_win.cc:1049 Failed to read descriptor from node connection: 시스템에 부착된 장치가 작동하지 않습니다. (0x1F)
5월 16, 2022 18:06:30.976 [21372:23452:0516/180630.976:ERROR:util.cc(126)] Can't create base directory: C:\Program Files\Google\GoogleUpdater
5월 17, 2022 09:29:28.50 [15436:4648:0517/092928.049:ERROR:device_event_log_impl.cc(214)] [09:29:28.049] USB: usb_device_handle_win.cc:1049 Failed to read descriptor from node connection: 시스템에 부착된 장치가 작동하지 않습니다. (0x1F)
5월 17, 2022 09:29:28.55 [15436:4648:0517/092928.055:ERROR:device_event_log_impl.cc(214)] [09:29:28.055] USB: usb_device_handle_win.cc:1049 Failed to read descriptor from node connection: 시스템에 부착된 장치가 작동하지 않습니다. (0x1F)
5월 17, 2022 10:10:51.110 [24344:10788:0517/101051.109:ERROR:device_event_log_impl.cc(214)] [10:10:51.109] USB: usb_device_handle_win.cc:1049 Failed to read descriptor from node connection: 시스템에 부착된 장치가 작동하지 않습니다. (0x1F)
5월 17, 2022 10:10:51.115 [24344:10788:0517/101051.115:ERROR:device_event_log_impl.cc(214)] [10:10:51.115] USB: usb_device_handle_win.cc:1049 Failed to read descriptor from node connection: 시스템에 부착된 장치가 작동하지 않습니다. (0x1F)
5월 17, 2022 10:11:47.694 [24344:16704:0517/101147.693:ERROR:util.cc(126)] Can't create base directory: C:\Program Files\Google\GoogleUpdater

5월 18, 2022 17:31:27.49 NEW SESSION
5월 18, 2022 17:31:27.50 [26884:27492:0518/173127.039:ERROR:device_event_log_impl.cc(214)] [17:31:27.039] USB: usb_device_handle_win.cc:1049 Failed to read descriptor from node connection: 시스템에 부착된 장치가 작동하지 않습니다. (0x1F)
5월 18, 2022 17:31:27.69 [26884:27492:0518/173127.044:ERROR:device_event_log_impl.cc(214)] [17:31:27.044] USB: usb_device_handle_win.cc:1049 Failed to read descriptor from node connection: 시스템에 부착된 장치가 작동하지 않습니다. (0x1F)
5월 18, 2022 17:31:27.69 [26884:27492:0518/173127.044:ERROR:device_event_log_impl.cc(214)] [17:31:27.044] USB: usb_device_handle_win.cc:1049 Failed to read descriptor from node connection: 시스템에 부착된 장치가 작동하지 않습니다. (0x1F)
5월 18, 2022 17:31:39.57 [26964:28140:0518/173139.057:ERROR:device_event_log_impl.cc(214)] [17:31:39.057] USB: usb_device_handle_win.cc:1049 Failed to read descriptor from node connection: 시스템에 부착된 장치가 작동하지 않습니다. (0x1F)
5월 18, 2022 17:31:39.62 [26964:28140:0518/173139.062:ERROR:device_event_log_impl.cc(214)] [17:31:39.062] USB: usb_device_handle_win.cc:1049 Failed to read descriptor from node connection: 시스템에 부착된 장치가 작동하지 않습니다. (0x1F)
5월 18, 2022 17:31:39.63 [26964:28140:0518/173139.062:ERROR:device_event_log_impl.cc(214)] [17:31:39.062] USB: usb_device_handle_win.cc:1049 Failed to read descriptor from node connection: 시스템에 부착된 장치가 작동하지 않습니다. (0x1F)
5월 18, 2022 17:35:08.119 [19964:18804:0518/173508.118:ERROR:device_event_log_impl.cc(214)] [17:35:08.118] USB: usb_device_handle_win.cc:1049 Failed to read descriptor from node connection: 시스템에 부착된 장치가 작동하지 않습니다. (0x1F)
5월 18, 2022 17:35:08.123 [19964:18804:0518/173508.122:ERROR:device_event_log_impl.cc(214)] [17:35:08.122] USB: usb_device_handle_win.cc:1049 Failed to read descriptor from node connection: 시스템에 부착된 장치가 작동하지 않습니다. (0x1F)
5월 18, 2022 17:35:08.124 [19964:18804:0518/173508.122:ERROR:device_event_log_impl.cc(214)] [17:35:08.123] USB: usb_device_handle_win.cc:1049 Failed to read descriptor from node connection: 시스템에 부착된 장치가 작동하지 않습니다. (0x1F)
5월 18, 2022 17:37:59.485 [13324:26272:0518/173759.485:ERROR:device_event_log_impl.cc(214)] [17:37:59.484] USB: usb_device_handle_win.cc:1049 Failed to read descriptor from node connection: 시스템에 부착된 장치가 작동하지 않습니다. (0x1F)
5월 18, 2022 17:37:59.490 [13324:26272:0518/173759.489:ERROR:device_event_log_impl.cc(214)] [17:37:59.489] USB: usb_device_handle_win.cc:1049 Failed to read descriptor from node connection: 시스템에 부착된 장치가 작동하지 않습니다. (0x1F)
5월 18, 2022 17:37:59.490 [13324:26272:0518/173759.490:ERROR:device_event_log_impl.cc(214)] [17:37:59.489] USB: usb_device_handle_win.cc:1049 Failed to read descriptor from node connection: 시스템에 부착된 장치가 작동하지 않습니다. (0x1F)
5월 18, 2022 17:42:09.717 [23524:4360:0518/174209.717:ERROR:device_event_log_impl.cc(214)] [17:42:09.717] USB: usb_device_handle_win.cc:1049 Failed to read descriptor from node connection: 시스템에 부착된 장치가 작동하지 않습니다. (0x1F)
5월 18, 2022 17:42:09.720 [23524:4360:0518/174209.720:ERROR:device_event_log_impl.cc(214)] [17:42:09.720] USB: usb_device_handle_win.cc:1049 Failed to read descriptor from node connection: 시스템에 부착된 장치가 작동하지 않습니다. (0x1F)
5월 18, 2022 17:42:09.721 [23524:4360:0518/174209.720:ERROR:device_event_log_impl.cc(214)] [17:42:09.720] USB: usb_device_handle_win.cc:1049 Failed to read descriptor from node connection: 시스템에 부착된 장치가 작동하지 않습니다. (0x1F)
5월 18, 2022 17:48:44.584 [26552:21500:0518/174844.583:ERROR:device_event_log_impl.cc(214)] [17:48:44.583] USB: usb_device_handle_win.cc:1049 Failed to read descriptor from node connection: 시스템에 부착된 장치가 작동하지 않습니다. (0x1F)
5월 18, 2022 17:48:44.587 [26552:21500:0518/174844.587:ERROR:device_event_log_impl.cc(214)] [17:48:44.587] USB: usb_device_handle_win.cc:1049 Failed to read descriptor from node connection: 시스템에 부착된 장치가 작동하지 않습니다. (0x1F)
5월 18, 2022 17:48:44.588 [26552:21500:0518/174844.587:ERROR:device_event_log_impl.cc(214)] [17:48:44.587] USB: usb_device_handle_win.cc:1049 Failed to read descriptor from node connection: 시스템에 부착된 장치가 작동하지 않습니다. (0x1F)
5월 18, 2022 17:49:41.687 [26552:13492:0518/174941.686:ERROR:util.cc(126)] Can't create base directory: C:\Program Files\Google\GoogleUpdater
5월 19, 2022 17:30:51.166 [13416:26476:0519/173051.165:ERROR:device_event_log_impl.cc(214)] [17:30:51.164] USB: usb_device_handle_win.cc:1049 Failed to read descriptor from node connection: 시스템에 부착된 장치가 작동하지 않습니다. (0x1F)
5월 19, 2022 17:30:51.169 [13416:26476:0519/173051.169:ERROR:device_event_log_impl.cc(214)] [17:30:51.169] USB: usb_device_handle_win.cc:1049 Failed to read descriptor from node connection: 시스템에 부착된 장치가 작동하지 않습니다. (0x1F)
5월 19, 2022 17:30:51.171 [13416:26476:0519/173051.170:ERROR:device_event_log_impl.cc(214)] [17:30:51.171] USB: usb_device_handle_win.cc:1049 Failed to read descriptor from node connection: 시스템에 부착된 장치가 작동하지 않습니다. (0x1F)
5월 19, 2022 17:31:47.789 [13416:16408:0519/173147.788:ERROR:util.cc(126)] Can't create base directory: C:\Program Files\Google\GoogleUpdater
5월 19, 2022 17:47:48.469 [13416:8268:0519/174748.468:ERROR:connection_factory_impl.cc(425)] Failed to connect to MCS endpoint with error -106
5월 19, 2022 18:06:04.344 [13416:8268:0519/180604.343:ERROR:connection_factory_impl.cc(425)] Failed to connect to MCS endpoint with error -106
5월 19, 2022 18:06:10.170 [13416:8268:0519/180610.169:ERROR:connection_factory_impl.cc(425)] Failed to connect to MCS endpoint with error -105
5월 19, 2022 18:06:15.720 [13416:8268:0519/180615.719:ERROR:connection_factory_impl.cc(425)] Failed to connect to MCS endpoint with error -105
5월 19, 2022 18:06:19.354 [13416:8268:0519/180619.354:ERROR:connection_factory_impl.cc(425)] Failed to connect to MCS endpoint with error -105
5월 19, 2022 18:06:36.751 [13416:8268:0519/180636.751:ERROR:connection_factory_impl.cc(425)] Failed to connect to MCS endpoint with error -105
5월 19, 2022 18:13:25.849 [13416:8268:0519/181325.848:ERROR:connection_factory_impl.cc(425)] Failed to connect to MCS endpoint with error -106
5월 20, 2022 08:44:23.50 [13416:27844:0520/084423.044:ERROR:util.cc(126)] Can't create base directory: C:\Program Files\Google\GoogleUpdater

5월 20, 2022 17:26:17.112 NEW SESSION
5월 20, 2022 17:26:17.113 [13404:4496:0520/172617.110:ERROR:device_event_log_impl.cc(214)] [17:26:17.110] USB: usb_device_handle_win.cc:1049 Failed to read descriptor from node connection: 시스템에 부착된 장치가 작동하지 않습니다. (0x1F)
5월 20, 2022 17:26:17.115 [13404:4496:0520/172617.115:ERROR:device_event_log_impl.cc(214)] [17:26:17.115] USB: usb_device_handle_win.cc:1049 Failed to read descriptor from node connection: 시스템에 부착된 장치가 작동하지 않습니다. (0x1F)
5월 20, 2022 17:26:17.116 [13404:4496:0520/172617.116:ERROR:device_event_log_impl.cc(214)] [17:26:17.116] USB: usb_device_handle_win.cc:1049 Failed to read descriptor from node connection: 시스템에 부착된 장치가 작동하지 않습니다. (0x1F)
5월 20, 2022 17:27:14.296 [13404:532:0520/172714.295:ERROR:util.cc(126)] Can't create base directory: C:\Program Files\Google\GoogleUpdater
5월 20, 2022 22:27:14.302 [13404:27476:0520/222714.300:ERROR:util.cc(126)] Can't create base directory: C:\Program Files\Google\GoogleUpdater
5월 21, 2022 09:06:33.80 [13404:27924:0521/090633.075:ERROR:util.cc(126)] Can't create base directory: C:\Program Files\Google\GoogleUpdater
5월 22, 2022 16:19:04.329 [13404:27476:0522/161904.328:ERROR:util.cc(126)] Can't create base directory: C:\Program Files\Google\GoogleUpdater
5월 22, 2022 16:19:30.316 [13404:4496:0522/161930.315:ERROR:device_event_log_impl.cc(214)] [16:19:30.315] USB: usb_service_win.cc:104 SetupDiGetDeviceProperty({{A45C254E-DF1C-4EFD-8020-67D146A850E0}, 6}) failed: 요소가 없습니다. (0x490)
5월 22, 2022 21:19:04.223 [13404:27476:0522/211904.221:ERROR:util.cc(126)] Can't create base directory: C:\Program Files\Google\GoogleUpdater
5월 23, 2022 08:52:53.276 [13404:30252:0523/085253.276:ERROR:util.cc(126)] Can't create base directory: C:\Program Files\Google\GoogleUpdater
5월 23, 2022 09:00:26.432 [13404:4496:0523/090026.432:ERROR:device_event_log_impl.cc(214)] [09:00:26.432] USB: usb_service_win.cc:104 SetupDiGetDeviceProperty({{A45C254E-DF1C-4EFD-8020-67D146A850E0}, 6}) failed: 요소가 없습니다. (0x490)
5월 23, 2022 13:52:52.971 [13404:28612:0523/135252.969:ERROR:util.cc(126)] Can't create base directory: C:\Program Files\Google\GoogleUpdater

5월 25, 2022 10:56:37.229 NEW SESSION
5월 25, 2022 10:56:37.230 [3608:27644:0525/105637.226:ERROR:device_event_log_impl.cc(214)] [10:56:37.227] USB: usb_device_handle_win.cc:1048 Failed to read descriptor from node connection: 시스템에 부착된 장치가 작동하지 않습니다. (0x1F)
5월 25, 2022 10:56:37.232 [3608:27644:0525/105637.231:ERROR:device_event_log_impl.cc(214)] [10:56:37.231] USB: usb_device_handle_win.cc:1048 Failed to read descriptor from node connection: 시스템에 부착된 장치가 작동하지 않습니다. (0x1F)
5월 25, 2022 10:56:37.233 [3608:27644:0525/105637.232:ERROR:device_event_log_impl.cc(214)] [10:56:37.233] USB: usb_device_handle_win.cc:1048 Failed to read descriptor from node connection: 시스템에 부착된 장치가 작동하지 않습니다. (0x1F)
5월 25, 2022 15:50:28.70 [3608:27644:0525/155028.068:ERROR:interface_endpoint_client.cc(665)] Message 5 rejected by interface blink.mojom.WidgetHost
5월 26, 2022 14:30:03.322 [26912:24760:0526/143003.321:ERROR:device_event_log_impl.cc(214)] [14:30:03.322] USB: usb_device_handle_win.cc:1048 Failed to read descriptor from node connection: 시스템에 부착된 장치가 작동하지 않습니다. (0x1F)
5월 26, 2022 14:30:03.327 [26912:24760:0526/143003.327:ERROR:device_event_log_impl.cc(214)] [14:30:03.327] USB: usb_device_handle_win.cc:1048 Failed to read descriptor from node connection: 시스템에 부착된 장치가 작동하지 않습니다. (0x1F)
5월 26, 2022 14:33:16.246 [27204:25128:0526/143316.246:ERROR:device_event_log_impl.cc(214)] [14:33:16.245] USB: usb_device_handle_win.cc:1048 Failed to read descriptor from node connection: 시스템에 부착된 장치가 작동하지 않습니다. (0x1F)
5월 26, 2022 14:33:16.251 [27204:25128:0526/143316.251:ERROR:device_event_log_impl.cc(214)] [14:33:16.250] USB: usb_device_handle_win.cc:1048 Failed to read descriptor from node connection: 시스템에 부착된 장치가 작동하지 않습니다. (0x1F)
5월 26, 2022 14:37:48.327 [25088:12484:0526/143748.327:ERROR:device_event_log_impl.cc(214)] [14:37:48.326] USB: usb_device_handle_win.cc:1048 Failed to read descriptor from node connection: 시스템에 부착된 장치가 작동하지 않습니다. (0x1F)
5월 26, 2022 14:37:48.332 [25088:12484:0526/143748.331:ERROR:device_event_log_impl.cc(214)] [14:37:48.331] USB: usb_device_handle_win.cc:1048 Failed to read descriptor from node connection: 시스템에 부착된 장치가 작동하지 않습니다. (0x1F)

5월 26, 2022 16:07:04.538 NEW SESSION
5월 26, 2022 16:07:04.538 [22824:3340:0526/160704.536:ERROR:device_event_log_impl.cc(214)] [16:07:04.536] USB: usb_device_handle_win.cc:1048 Failed to read descriptor from node connection: 시스템에 부착된 장치가 작동하지 않습니다. (0x1F)
5월 26, 2022 16:07:04.541 [22824:3340:0526/160704.540:ERROR:device_event_log_impl.cc(214)] [16:07:04.540] USB: usb_device_handle_win.cc:1048 Failed to read descriptor from node connection: 시스템에 부착된 장치가 작동하지 않습니다. (0x1F)
5월 26, 2022 16:07:04.542 [22824:3340:0526/160704.542:ERROR:device_event_log_impl.cc(214)] [16:07:04.541] USB: usb_device_handle_win.cc:1048 Failed to read descriptor from node connection: 시스템에 부착된 장치가 작동하지 않습니다. (0x1F)
5월 26, 2022 16:18:18.817 [17196:14504:0526/161818.816:ERROR:device_event_log_impl.cc(214)] [16:18:18.816] USB: usb_device_handle_win.cc:1048 Failed to read descriptor from node connection: 시스템에 부착된 장치가 작동하지 않습니다. (0x1F)
5월 26, 2022 16:18:18.823 [17196:14504:0526/161818.823:ERROR:device_event_log_impl.cc(214)] [16:18:18.823] USB: usb_device_handle_win.cc:1048 Failed to read descriptor from node connection: 시스템에 부착된 장치가 작동하지 않습니다. (0x1F)
5월 26, 2022 16:18:18.824 [17196:14504:0526/161818.823:ERROR:device_event_log_impl.cc(214)] [16:18:18.823] USB: usb_device_handle_win.cc:1048 Failed to read descriptor from node connection: 시스템에 부착된 장치가 작동하지 않습니다. (0x1F)
5월 26, 2022 16:19:10.558 [26012:15600:0526/161910.558:ERROR:device_event_log_impl.cc(214)] [16:19:10.558] USB: usb_device_handle_win.cc:1048 Failed to read descriptor from node connection: 시스템에 부착된 장치가 작동하지 않습니다. (0x1F)
5월 26, 2022 16:19:10.562 [26012:15600:0526/161910.562:ERROR:device_event_log_impl.cc(214)] [16:19:10.561] USB: usb_device_handle_win.cc:1048 Failed to read descriptor from node connection: 시스템에 부착된 장치가 작동하지 않습니다. (0x1F)
5월 26, 2022 16:19:10.563 [26012:15600:0526/161910.563:ERROR:device_event_log_impl.cc(214)] [16:19:10.563] USB: usb_device_handle_win.cc:1048 Failed to read descriptor from node connection: 시스템에 부착된 장치가 작동하지 않습니다. (0x1F)
5월 26, 2022 16:20:19.684 [24600:27484:0526/162019.683:ERROR:device_event_log_impl.cc(214)] [16:20:19.683] USB: usb_device_handle_win.cc:1048 Failed to read descriptor from node connection: 시스템에 부착된 장치가 작동하지 않습니다. (0x1F)
5월 26, 2022 16:20:19.688 [24600:27484:0526/162019.688:ERROR:device_event_log_impl.cc(214)] [16:20:19.687] USB: usb_device_handle_win.cc:1048 Failed to read descriptor from node connection: 시스템에 부착된 장치가 작동하지 않습니다. (0x1F)
5월 26, 2022 16:20:19.689 [24600:27484:0526/162019.689:ERROR:device_event_log_impl.cc(214)] [16:20:19.688] USB: usb_device_handle_win.cc:1048 Failed to read descriptor from node connection: 시스템에 부착된 장치가 작동하지 않습니다. (0x1F)
5월 27, 2022 10:35:10.495 [3832:14492:0527/103510.494:ERROR:device_event_log_impl.cc(214)] [10:35:10.495] USB: usb_device_handle_win.cc:1048 Failed to read descriptor from node connection: 시스템에 부착된 장치가 작동하지 않습니다. (0x1F)
5월 27, 2022 10:35:10.498 [3832:14492:0527/103510.498:ERROR:device_event_log_impl.cc(214)] [10:35:10.498] USB: usb_device_handle_win.cc:1048 Failed to read descriptor from node connection: 시스템에 부착된 장치가 작동하지 않습니다. (0x1F)
5월 27, 2022 10:57:04.107 [10816:7024:0527/105704.106:ERROR:device_event_log_impl.cc(214)] [10:57:04.106] USB: usb_device_handle_win.cc:1048 Failed to read descriptor from node connection: 시스템에 부착된 장치가 작동하지 않습니다. (0x1F)
5월 27, 2022 10:57:04.111 [10816:7024:0527/105704.111:ERROR:device_event_log_impl.cc(214)] [10:57:04.111] USB: usb_device_handle_win.cc:1048 Failed to read descriptor from node connection: 시스템에 부착된 장치가 작동하지 않습니다. (0x1F)
5월 27, 2022 10:57:31.87 [25832:26992:0527/105731.087:ERROR:device_event_log_impl.cc(214)] [10:57:31.087] USB: usb_device_handle_win.cc:1048 Failed to read descriptor from node connection: 시스템에 부착된 장치가 작동하지 않습니다. (0x1F)
5월 27, 2022 10:57:31.95 [25832:26992:0527/105731.095:ERROR:device_event_log_impl.cc(214)] [10:57:31.095] USB: usb_device_handle_win.cc:1048 Failed to read descriptor from node connection: 시스템에 부착된 장치가 작동하지 않습니다. (0x1F)
5월 27, 2022 15:46:42.384 [25832:26992:0527/154642.383:ERROR:interface_endpoint_client.cc(665)] Message 5 rejected by interface blink.mojom.WidgetHost
5월 27, 2022 15:47:21.262 [25832:26992:0527/154721.262:ERROR:interface_endpoint_client.cc(665)] Message 5 rejected by interface blink.mojom.WidgetHost
5월 27, 2022 21:23:34.747 [30164:24052:0527/212334.746:ERROR:device_event_log_impl.cc(214)] [21:23:34.746] USB: usb_device_handle_win.cc:1048 Failed to read descriptor from node connection: 시스템에 부착된 장치가 작동하지 않습니다. (0x1F)
5월 27, 2022 21:23:34.754 [30164:24052:0527/212334.754:ERROR:device_event_log_impl.cc(214)] [21:23:34.754] USB: usb_device_handle_win.cc:1048 Failed to read descriptor from node connection: 시스템에 부착된 장치가 작동하지 않습니다. (0x1F)
5월 27, 2022 21:23:34.755 [30164:24052:0527/212334.754:ERROR:device_event_log_impl.cc(214)] [21:23:34.754] USB: usb_device_handle_win.cc:1048 Failed to read descriptor from node connection: 시스템에 부착된 장치가 작동하지 않습니다. (0x1F)
5월 29, 2022 14:51:54.719 [30164:25812:0529/145154.717:ERROR:connection_factory_impl.cc(425)] Failed to connect to MCS endpoint with error -105
5월 29, 2022 15:03:20.874 [30164:24052:0529/150320.871:ERROR:device_event_log_impl.cc(214)] [15:03:20.872] USB: usb_service_win.cc:104 SetupDiGetDeviceProperty({{A45C254E-DF1C-4EFD-8020-67D146A850E0}, 6}) failed: 요소가 없습니다. (0x490)
5월 30, 2022 09:24:01.517 [26076:12044:0530/092401.500:ERROR:device_event_log_impl.cc(214)] [09:24:01.500] USB: usb_device_handle_win.cc:1048 Failed to read descriptor from node connection: 시스템에 부착된 장치가 작동하지 않습니다. (0x1F)
5월 30, 2022 09:24:01.535 [26076:12044:0530/092401.508:ERROR:device_event_log_impl.cc(214)] [09:24:01.508] USB: usb_device_handle_win.cc:1048 Failed to read descriptor from node connection: 시스템에 부착된 장치가 작동하지 않습니다. (0x1F)
5월 30, 2022 11:26:47.30 [28248:30840:0530/112647.029:ERROR:device_event_log_impl.cc(214)] [11:26:47.029] USB: usb_device_handle_win.cc:1048 Failed to read descriptor from node connection: 시스템에 부착된 장치가 작동하지 않습니다. (0x1F)
5월 30, 2022 11:26:47.37 [28248:30840:0530/112647.036:ERROR:device_event_log_impl.cc(214)] [11:26:47.036] USB: usb_device_handle_win.cc:1048 Failed to read descriptor from node connection: 시스템에 부착된 장치가 작동하지 않습니다. (0x1F)
5월 30, 2022 14:54:58.876 [20320:18128:0530/145458.875:ERROR:device_event_log_impl.cc(214)] [14:54:58.876] USB: usb_device_handle_win.cc:1048 Failed to read descriptor from node connection: 시스템에 부착된 장치가 작동하지 않습니다. (0x1F)
5월 30, 2022 14:54:58.880 [20320:18128:0530/145458.880:ERROR:device_event_log_impl.cc(214)] [14:54:58.880] USB: usb_device_handle_win.cc:1048 Failed to read descriptor from node connection: 시스템에 부착된 장치가 작동하지 않습니다. (0x1F)
5월 30, 2022 15:14:29.853 [12216:27000:0530/151429.852:ERROR:device_event_log_impl.cc(214)] [15:14:29.851] USB: usb_device_handle_win.cc:1048 Failed to read descriptor from node connection: 시스템에 부착된 장치가 작동하지 않습니다. (0x1F)
5월 30, 2022 15:14:29.859 [12216:27000:0530/151429.859:ERROR:device_event_log_impl.cc(214)] [15:14:29.858] USB: usb_device_handle_win.cc:1048 Failed to read descriptor from node connection: 시스템에 부착된 장치가 작동하지 않습니다. (0x1F)
5월 30, 2022 15:15:29.843 [9324:15316:0530/151529.842:ERROR:device_event_log_impl.cc(214)] [15:15:29.842] USB: usb_device_handle_win.cc:1048 Failed to read descriptor from node connection: 시스템에 부착된 장치가 작동하지 않습니다. (0x1F)
5월 30, 2022 15:15:29.847 [9324:15316:0530/151529.847:ERROR:device_event_log_impl.cc(214)] [15:15:29.847] USB: usb_device_handle_win.cc:1048 Failed to read descriptor from node connection: 시스템에 부착된 장치가 작동하지 않습니다. (0x1F)
5월 30, 2022 16:17:25.246 [9324:27068:0530/161725.245:ERROR:mcs_client.cc(756)] Received close command, resetting connection.
5월 30, 2022 19:27:20.184 [9324:27068:0530/192720.177:ERROR:mcs_client.cc(756)] Received close command, resetting connection.
5월 30, 2022 20:21:57.547 [9324:15316:0530/202157.546:ERROR:device_event_log_impl.cc(214)] [20:21:57.546] USB: usb_service_win.cc:104 SetupDiGetDeviceProperty({{A45C254E-DF1C-4EFD-8020-67D146A850E0}, 6}) failed: 요소가 없습니다. (0x490)
5월 30, 2022 20:23:13.945 [9324:27068:0530/202313.945:ERROR:mcs_client.cc(756)] Received close command, resetting connection.

5월 30, 2022 23:12:13.726 NEW SESSION
5월 30, 2022 23:12:13.726 [27288:30696:0530/231213.723:ERROR:device_event_log_impl.cc(214)] [23:12:13.722] USB: usb_device_handle_win.cc:1048 Failed to read descriptor from node connection: 시스템에 부착된 장치가 작동하지 않습니다. (0x1F)
5월 30, 2022 23:12:13.728 [27288:30696:0530/231213.728:ERROR:device_event_log_impl.cc(214)] [23:12:13.727] USB: usb_device_handle_win.cc:1048 Failed to read descriptor from node connection: 시스템에 부착된 장치가 작동하지 않습니다. (0x1F)
5월 30, 2022 23:12:13.729 [27288:30696:0530/231213.729:ERROR:device_event_log_impl.cc(214)] [23:12:13.729] USB: usb_device_handle_win.cc:1048 Failed to read descriptor from node connection: 시스템에 부착된 장치가 작동하지 않습니다. (0x1F)
5월 30, 2022 23:13:32.52 [28100:22732:0530/231332.052:ERROR:device_event_log_impl.cc(214)] [23:13:32.052] USB: usb_device_handle_win.cc:1048 Failed to read descriptor from node connection: 시스템에 부착된 장치가 작동하지 않습니다. (0x1F)
5월 30, 2022 23:13:32.56 [28100:22732:0530/231332.056:ERROR:device_event_log_impl.cc(214)] [23:13:32.055] USB: usb_device_handle_win.cc:1048 Failed to read descriptor from node connection: 시스템에 부착된 장치가 작동하지 않습니다. (0x1F)
5월 30, 2022 23:13:32.58 [28100:22732:0530/231332.057:ERROR:device_event_log_impl.cc(214)] [23:13:32.058] USB: usb_device_handle_win.cc:1048 Failed to read descriptor from node connection: 시스템에 부착된 장치가 작동하지 않습니다. (0x1F)
5월 30, 2022 23:19:18.808 [20596:27276:0530/231918.807:ERROR:device_event_log_impl.cc(214)] [23:19:18.807] USB: usb_device_handle_win.cc:1048 Failed to read descriptor from node connection: 시스템에 부착된 장치가 작동하지 않습니다. (0x1F)
5월 30, 2022 23:19:18.812 [20596:27276:0530/231918.812:ERROR:device_event_log_impl.cc(214)] [23:19:18.811] USB: usb_device_handle_win.cc:1048 Failed to read descriptor from node connection: 시스템에 부착된 장치가 작동하지 않습니다. (0x1F)
5월 30, 2022 23:19:18.813 [20596:27276:0530/231918.813:ERROR:device_event_log_impl.cc(214)] [23:19:18.813] USB: usb_device_handle_win.cc:1048 Failed to read descriptor from node connection: 시스템에 부착된 장치가 작동하지 않습니다. (0x1F)
5월 30, 2022 23:23:51.489 [25520:25580:0530/232351.489:ERROR:device_event_log_impl.cc(214)] [23:23:51.489] USB: usb_device_handle_win.cc:1048 Failed to read descriptor from node connection: 시스템에 부착된 장치가 작동하지 않습니다. (0x1F)
5월 30, 2022 23:23:51.494 [25520:25580:0530/232351.494:ERROR:device_event_log_impl.cc(214)] [23:23:51.494] USB: usb_device_handle_win.cc:1048 Failed to read descriptor from node connection: 시스템에 부착된 장치가 작동하지 않습니다. (0x1F)
5월 30, 2022 23:23:51.495 [25520:25580:0530/232351.495:ERROR:device_event_log_impl.cc(214)] [23:23:51.495] USB: usb_device_handle_win.cc:1048 Failed to read descriptor from node connection: 시스템에 부착된 장치가 작동하지 않습니다. (0x1F)
5월 31, 2022 10:54:46.840 [10028:10372:0531/105446.839:ERROR:device_event_log_impl.cc(214)] [10:54:46.839] USB: usb_device_handle_win.cc:1048 Failed to read descriptor from node connection: 시스템에 부착된 장치가 작동하지 않습니다. (0x1F)
5월 31, 2022 10:54:46.846 [10028:10372:0531/105446.844:ERROR:device_event_log_impl.cc(214)] [10:54:46.844] USB: usb_device_handle_win.cc:1048 Failed to read descriptor from node connection: 시스템에 부착된 장치가 작동하지 않습니다. (0x1F)
5월 31, 2022 11:25:57.997 [1600:28584:0531/112557.996:ERROR:device_event_log_impl.cc(214)] [11:25:57.997] USB: usb_device_handle_win.cc:1048 Failed to read descriptor from node connection: 시스템에 부착된 장치가 작동하지 않습니다. (0x1F)
5월 31, 2022 11:25:58.02 [1600:28584:0531/112558.001:ERROR:device_event_log_impl.cc(214)] [11:25:58.002] USB: usb_device_handle_win.cc:1048 Failed to read descriptor from node connection: 시스템에 부착된 장치가 작동하지 않습니다. (0x1F)
5월 31, 2022 11:50:35.966 [24428:21060:0531/115035.961:ERROR:device_event_log_impl.cc(214)] [11:50:35.961] USB: usb_device_handle_win.cc:1048 Failed to read descriptor from node connection: 시스템에 부착된 장치가 작동하지 않습니다. (0x1F)
5월 31, 2022 11:50:35.976 [24428:21060:0531/115035.965:ERROR:device_event_log_impl.cc(214)] [11:50:35.966] USB: usb_device_handle_win.cc:1048 Failed to read descriptor from node connection: 시스템에 부착된 장치가 작동하지 않습니다. (0x1F)
5월 31, 2022 12:03:48.398 [24428:21060:0531/120348.398:ERROR:device_event_log_impl.cc(214)] [12:03:48.397] USB: usb_service_win.cc:104 SetupDiGetDeviceProperty({{A45C254E-DF1C-4EFD-8020-67D146A850E0}, 6}) failed: 요소가 없습니다. (0x490)
5월 31, 2022 14:39:26.775 [31632:27856:0531/143926.775:ERROR:device_event_log_impl.cc(214)] [14:39:26.774] USB: usb_device_handle_win.cc:1048 Failed to read descriptor from node connection: 시스템에 부착된 장치가 작동하지 않습니다. (0x1F)
5월 31, 2022 14:39:26.782 [31632:27856:0531/143926.782:ERROR:device_event_log_impl.cc(214)] [14:39:26.781] USB: usb_device_handle_win.cc:1048 Failed to read descriptor from node connection: 시스템에 부착된 장치가 작동하지 않습니다. (0x1F)
5월 31, 2022 14:41:13.917 [26480:17132:0531/144113.916:ERROR:device_event_log_impl.cc(214)] [14:41:13.916] USB: usb_device_handle_win.cc:1048 Failed to read descriptor from node connection: 시스템에 부착된 장치가 작동하지 않습니다. (0x1F)
5월 31, 2022 14:41:13.921 [26480:17132:0531/144113.921:ERROR:device_event_log_impl.cc(214)] [14:41:13.920] USB: usb_device_handle_win.cc:1048 Failed to read descriptor from node connection: 시스템에 부착된 장치가 작동하지 않습니다. (0x1F)
5월 31, 2022 17:28:58.458 [12796:12200:0531/172858.457:ERROR:device_event_log_impl.cc(214)] [17:28:58.457] USB: usb_device_handle_win.cc:1048 Failed to read descriptor from node connection: 시스템에 부착된 장치가 작동하지 않습니다. (0x1F)
5월 31, 2022 17:28:58.462 [12796:12200:0531/172858.462:ERROR:device_event_log_impl.cc(214)] [17:28:58.461] USB: usb_device_handle_win.cc:1048 Failed to read descriptor from node connection: 시스템에 부착된 장치가 작동하지 않습니다. (0x1F)
5월 31, 2022 17:28:58.463 [12796:12200:0531/172858.463:ERROR:device_event_log_impl.cc(214)] [17:28:58.462] USB: usb_device_handle_win.cc:1048 Failed to read descriptor from node connection: 시스템에 부착된 장치가 작동하지 않습니다. (0x1F)
5월 31, 2022 19:34:36.69 [12796:12200:0531/193436.067:ERROR:device_event_log_impl.cc(214)] [19:34:36.067] USB: usb_service_win.cc:104 SetupDiGetDeviceProperty({{A45C254E-DF1C-4EFD-8020-67D146A850E0}, 6}) failed: 요소가 없습니다. (0x490)
5월 31, 2022 21:46:53.681 [12004:31072:0531/214653.681:ERROR:device_event_log_impl.cc(214)] [21:46:53.681] USB: usb_device_handle_win.cc:1048 Failed to read descriptor from node connection: 시스템에 부착된 장치가 작동하지 않습니다. (0x1F)
5월 31, 2022 21:46:53.686 [12004:31072:0531/214653.685:ERROR:device_event_log_impl.cc(214)] [21:46:53.685] USB: usb_device_handle_win.cc:1048 Failed to read descriptor from node connection: 시스템에 부착된 장치가 작동하지 않습니다. (0x1F)
5월 31, 2022 21:46:53.687 [12004:31072:0531/214653.686:ERROR:device_event_log_impl.cc(214)] [21:46:53.686] USB: usb_device_handle_win.cc:1048 Failed to read descriptor from node connection: 시스템에 부착된 장치가 작동하지 않습니다. (0x1F)
5월 31, 2022 21:54:02.237 [20044:20484:0531/215402.236:ERROR:device_event_log_impl.cc(214)] [21:54:02.236] USB: usb_device_handle_win.cc:1048 Failed to read descriptor from node connection: 시스템에 부착된 장치가 작동하지 않습니다. (0x1F)
5월 31, 2022 21:54:02.242 [20044:20484:0531/215402.241:ERROR:device_event_log_impl.cc(214)] [21:54:02.242] USB: usb_device_handle_win.cc:1048 Failed to read descriptor from node connection: 시스템에 부착된 장치가 작동하지 않습니다. (0x1F)
5월 31, 2022 21:54:02.243 [20044:20484:0531/215402.242:ERROR:device_event_log_impl.cc(214)] [21:54:02.243] USB: usb_device_handle_win.cc:1048 Failed to read descriptor from node connection: 시스템에 부착된 장치가 작동하지 않습니다. (0x1F)
5월 31, 2022 21:55:03.513 [3868:19736:0531/215503.512:ERROR:device_event_log_impl.cc(214)] [21:55:03.512] USB: usb_device_handle_win.cc:1048 Failed to read descriptor from node connection: 시스템에 부착된 장치가 작동하지 않습니다. (0x1F)
5월 31, 2022 21:55:03.518 [3868:19736:0531/215503.518:ERROR:device_event_log_impl.cc(214)] [21:55:03.517] USB: usb_device_handle_win.cc:1048 Failed to read descriptor from node connection: 시스템에 부착된 장치가 작동하지 않습니다. (0x1F)
5월 31, 2022 21:55:03.519 [3868:19736:0531/215503.518:ERROR:device_event_log_impl.cc(214)] [21:55:03.518] USB: usb_device_handle_win.cc:1048 Failed to read descriptor from node connection: 시스템에 부착된 장치가 작동하지 않습니다. (0x1F)
5월 31, 2022 21:59:12.737 [13128:22524:0531/215912.737:ERROR:device_event_log_impl.cc(214)] [21:59:12.737] USB: usb_device_handle_win.cc:1048 Failed to read descriptor from node connection: 시스템에 부착된 장치가 작동하지 않습니다. (0x1F)
5월 31, 2022 21:59:12.742 [13128:22524:0531/215912.741:ERROR:device_event_log_impl.cc(214)] [21:59:12.741] USB: usb_device_handle_win.cc:1048 Failed to read descriptor from node connection: 시스템에 부착된 장치가 작동하지 않습니다. (0x1F)
5월 31, 2022 21:59:12.743 [13128:22524:0531/215912.742:ERROR:device_event_log_impl.cc(214)] [21:59:12.742] USB: usb_device_handle_win.cc:1048 Failed to read descriptor from node connection: 시스템에 부착된 장치가 작동하지 않습니다. (0x1F)
5월 31, 2022 22:00:47.291 [9348:26572:0531/220047.291:ERROR:device_event_log_impl.cc(214)] [22:00:47.291] USB: usb_device_handle_win.cc:1048 Failed to read descriptor from node connection: 시스템에 부착된 장치가 작동하지 않습니다. (0x1F)
5월 31, 2022 22:00:47.296 [9348:26572:0531/220047.296:ERROR:device_event_log_impl.cc(214)] [22:00:47.296] USB: usb_device_handle_win.cc:1048 Failed to read descriptor from node connection: 시스템에 부착된 장치가 작동하지 않습니다. (0x1F)
5월 31, 2022 22:00:47.297 [9348:26572:0531/220047.297:ERROR:device_event_log_impl.cc(214)] [22:00:47.297] USB: usb_device_handle_win.cc:1048 Failed to read descriptor from node connection: 시스템에 부착된 장치가 작동하지 않습니다. (0x1F)
5월 31, 2022 22:01:50.415 [26264:8460:0531/220150.414:ERROR:device_event_log_impl.cc(214)] [22:01:50.414] USB: usb_device_handle_win.cc:1048 Failed to read descriptor from node connection: 시스템에 부착된 장치가 작동하지 않습니다. (0x1F)
5월 31, 2022 22:01:50.419 [26264:8460:0531/220150.418:ERROR:device_event_log_impl.cc(214)] [22:01:50.418] USB: usb_device_handle_win.cc:1048 Failed to read descriptor from node connection: 시스템에 부착된 장치가 작동하지 않습니다. (0x1F)
5월 31, 2022 22:01:50.420 [26264:8460:0531/220150.419:ERROR:device_event_log_impl.cc(214)] [22:01:50.419] USB: usb_device_handle_win.cc:1048 Failed to read descriptor from node connection: 시스템에 부착된 장치가 작동하지 않습니다. (0x1F)
5월 31, 2022 22:16:32.726 [21904:21012:0531/221632.725:ERROR:device_event_log_impl.cc(214)] [22:16:32.726] USB: usb_device_handle_win.cc:1048 Failed to read descriptor from node connection: 시스템에 부착된 장치가 작동하지 않습니다. (0x1F)
5월 31, 2022 22:16:32.731 [21904:21012:0531/221632.730:ERROR:device_event_log_impl.cc(214)] [22:16:32.731] USB: usb_device_handle_win.cc:1048 Failed to read descriptor from node connection: 시스템에 부착된 장치가 작동하지 않습니다. (0x1F)
5월 31, 2022 22:16:32.731 [21904:21012:0531/221632.731:ERROR:device_event_log_impl.cc(214)] [22:16:32.732] USB: usb_device_handle_win.cc:1048 Failed to read descriptor from node connection: 시스템에 부착된 장치가 작동하지 않습니다. (0x1F)
5월 31, 2022 23:01:29.90 [17924:24624:0531/230129.089:ERROR:device_event_log_impl.cc(214)] [23:01:29.089] USB: usb_device_handle_win.cc:1048 Failed to read descriptor from node connection: 시스템에 부착된 장치가 작동하지 않습니다. (0x1F)
5월 31, 2022 23:01:29.94 [17924:24624:0531/230129.094:ERROR:device_event_log_impl.cc(214)] [23:01:29.093] USB: usb_device_handle_win.cc:1048 Failed to read descriptor from node connection: 시스템에 부착된 장치가 작동하지 않습니다. (0x1F)
5월 31, 2022 23:01:29.95 [17924:24624:0531/230129.095:ERROR:device_event_log_impl.cc(214)] [23:01:29.094] USB: usb_device_handle_win.cc:1048 Failed to read descriptor from node connection: 시스템에 부착된 장치가 작동하지 않습니다. (0x1F)
5월 31, 2022 23:09:42.188 [29996:20912:0531/230942.188:ERROR:device_event_log_impl.cc(214)] [23:09:42.188] USB: usb_device_handle_win.cc:1048 Failed to read descriptor from node connection: 시스템에 부착된 장치가 작동하지 않습니다. (0x1F)
5월 31, 2022 23:09:42.193 [29996:20912:0531/230942.192:ERROR:device_event_log_impl.cc(214)] [23:09:42.192] USB: usb_device_handle_win.cc:1048 Failed to read descriptor from node connection: 시스템에 부착된 장치가 작동하지 않습니다. (0x1F)
5월 31, 2022 23:09:42.194 [29996:20912:0531/230942.193:ERROR:device_event_log_impl.cc(214)] [23:09:42.194] USB: usb_device_handle_win.cc:1048 Failed to read descriptor from node connection: 시스템에 부착된 장치가 작동하지 않습니다. (0x1F)
5월 31, 2022 23:43:19.327 [29972:28892:0531/234319.326:ERROR:device_event_log_impl.cc(214)] [23:43:19.326] USB: usb_device_handle_win.cc:1048 Failed to read descriptor from node connection: 시스템에 부착된 장치가 작동하지 않습니다. (0x1F)
5월 31, 2022 23:43:19.330 [29972:28892:0531/234319.327:ERROR:device_event_log_impl.cc(214)] [23:43:19.327] USB: usb_device_handle_win.cc:1048 Failed to read descriptor from node connection: 시스템에 부착된 장치가 작동하지 않습니다. (0x1F)
5월 31, 2022 23:43:19.330 [29972:28892:0531/234319.327:ERROR:device_event_log_impl.cc(214)] [23:43:19.328] USB: usb_device_handle_win.cc:1048 Failed to read descriptor from node connection: 시스템에 부착된 장치가 작동하지 않습니다. (0x1F)
5월 31, 2022 23:45:01.377 [28776:1308:0531/234501.376:ERROR:device_event_log_impl.cc(214)] [23:45:01.376] USB: usb_device_handle_win.cc:1048 Failed to read descriptor from node connection: 시스템에 부착된 장치가 작동하지 않습니다. (0x1F)
5월 31, 2022 23:45:01.382 [28776:1308:0531/234501.381:ERROR:device_event_log_impl.cc(214)] [23:45:01.381] USB: usb_device_handle_win.cc:1048 Failed to read descriptor from node connection: 시스템에 부착된 장치가 작동하지 않습니다. (0x1F)
5월 31, 2022 23:45:01.383 [28776:1308:0531/234501.382:ERROR:device_event_log_impl.cc(214)] [23:45:01.382] USB: usb_device_handle_win.cc:1048 Failed to read descriptor from node connection: 시스템에 부착된 장치가 작동하지 않습니다. (0x1F)
5월 31, 2022 23:47:43.190 [22376:13460:0531/234743.190:ERROR:device_event_log_impl.cc(214)] [23:47:43.190] USB: usb_device_handle_win.cc:1048 Failed to read descriptor from node connection: 시스템에 부착된 장치가 작동하지 않습니다. (0x1F)
5월 31, 2022 23:47:43.195 [22376:13460:0531/234743.195:ERROR:device_event_log_impl.cc(214)] [23:47:43.195] USB: usb_device_handle_win.cc:1048 Failed to read descriptor from node connection: 시스템에 부착된 장치가 작동하지 않습니다. (0x1F)
5월 31, 2022 23:47:43.197 [22376:13460:0531/234743.197:ERROR:device_event_log_impl.cc(214)] [23:47:43.196] USB: usb_device_handle_win.cc:1048 Failed to read descriptor from node connection: 시스템에 부착된 장치가 작동하지 않습니다. (0x1F)
5월 31, 2022 23:51:39.703 [23036:24916:0531/235139.702:ERROR:device_event_log_impl.cc(214)] [23:51:39.703] USB: usb_device_handle_win.cc:1048 Failed to read descriptor from node connection: 시스템에 부착된 장치가 작동하지 않습니다. (0x1F)
5월 31, 2022 23:51:39.707 [23036:24916:0531/235139.707:ERROR:device_event_log_impl.cc(214)] [23:51:39.707] USB: usb_device_handle_win.cc:1048 Failed to read descriptor from node connection: 시스템에 부착된 장치가 작동하지 않습니다. (0x1F)
5월 31, 2022 23:51:39.708 [23036:24916:0531/235139.708:ERROR:device_event_log_impl.cc(214)] [23:51:39.708] USB: usb_device_handle_win.cc:1048 Failed to read descriptor from node connection: 시스템에 부착된 장치가 작동하지 않습니다. (0x1F)
6월 01, 2022 24:16:15.643 [20636:20860:0601/001615.643:ERROR:device_event_log_impl.cc(214)] [00:16:15.644] USB: usb_device_handle_win.cc:1048 Failed to read descriptor from node connection: 시스템에 부착된 장치가 작동하지 않습니다. (0x1F)
6월 01, 2022 24:16:15.648 [20636:20860:0601/001615.647:ERROR:device_event_log_impl.cc(214)] [00:16:15.648] USB: usb_device_handle_win.cc:1048 Failed to read descriptor from node connection: 시스템에 부착된 장치가 작동하지 않습니다. (0x1F)
6월 01, 2022 24:16:15.649 [20636:20860:0601/001615.648:ERROR:device_event_log_impl.cc(214)] [00:16:15.649] USB: usb_device_handle_win.cc:1048 Failed to read descriptor from node connection: 시스템에 부착된 장치가 작동하지 않습니다. (0x1F)
6월 01, 2022 24:23:33.467 [1724:31624:0601/002333.467:ERROR:device_event_log_impl.cc(214)] [00:23:33.466] USB: usb_device_handle_win.cc:1048 Failed to read descriptor from node connection: 시스템에 부착된 장치가 작동하지 않습니다. (0x1F)
6월 01, 2022 24:23:33.472 [1724:31624:0601/002333.472:ERROR:device_event_log_impl.cc(214)] [00:23:33.471] USB: usb_device_handle_win.cc:1048 Failed to read descriptor from node connection: 시스템에 부착된 장치가 작동하지 않습니다. (0x1F)
6월 01, 2022 24:23:33.473 [1724:31624:0601/002333.473:ERROR:device_event_log_impl.cc(214)] [00:23:33.472] USB: usb_device_handle_win.cc:1048 Failed to read descriptor from node connection: 시스템에 부착된 장치가 작동하지 않습니다. (0x1F)
6월 01, 2022 24:53:20.495 [30588:30772:0601/005320.495:ERROR:device_event_log_impl.cc(214)] [00:53:20.495] USB: usb_device_handle_win.cc:1048 Failed to read descriptor from node connection: 시스템에 부착된 장치가 작동하지 않습니다. (0x1F)
6월 01, 2022 24:53:20.501 [30588:30772:0601/005320.501:ERROR:device_event_log_impl.cc(214)] [00:53:20.501] USB: usb_device_handle_win.cc:1048 Failed to read descriptor from node connection: 시스템에 부착된 장치가 작동하지 않습니다. (0x1F)
6월 01, 2022 24:53:20.502 [30588:30772:0601/005320.501:ERROR:device_event_log_impl.cc(214)] [00:53:20.501] USB: usb_device_handle_win.cc:1048 Failed to read descriptor from node connection: 시스템에 부착된 장치가 작동하지 않습니다. (0x1F)
6월 01, 2022 01:13:13.884 [1592:22936:0601/011313.884:ERROR:device_event_log_impl.cc(214)] [01:13:13.884] USB: usb_device_handle_win.cc:1048 Failed to read descriptor from node connection: 시스템에 부착된 장치가 작동하지 않습니다. (0x1F)
6월 01, 2022 01:13:13.889 [1592:22936:0601/011313.889:ERROR:device_event_log_impl.cc(214)] [01:13:13.889] USB: usb_device_handle_win.cc:1048 Failed to read descriptor from node connection: 시스템에 부착된 장치가 작동하지 않습니다. (0x1F)
6월 01, 2022 01:13:13.890 [1592:22936:0601/011313.890:ERROR:device_event_log_impl.cc(214)] [01:13:13.890] USB: usb_device_handle_win.cc:1048 Failed to read descriptor from node connection: 시스템에 부착된 장치가 작동하지 않습니다. (0x1F)
6월 01, 2022 01:14:35.583 [10424:8812:0601/011435.583:ERROR:device_event_log_impl.cc(214)] [01:14:35.583] USB: usb_device_handle_win.cc:1048 Failed to read descriptor from node connection: 시스템에 부착된 장치가 작동하지 않습니다. (0x1F)
6월 01, 2022 01:14:35.588 [10424:8812:0601/011435.588:ERROR:device_event_log_impl.cc(214)] [01:14:35.588] USB: usb_device_handle_win.cc:1048 Failed to read descriptor from node connection: 시스템에 부착된 장치가 작동하지 않습니다. (0x1F)
6월 01, 2022 01:14:35.589 [10424:8812:0601/011435.589:ERROR:device_event_log_impl.cc(214)] [01:14:35.589] USB: usb_device_handle_win.cc:1048 Failed to read descriptor from node connection: 시스템에 부착된 장치가 작동하지 않습니다. (0x1F)
6월 01, 2022 01:15:18.619 [27216:30748:0601/011518.619:ERROR:device_event_log_impl.cc(214)] [01:15:18.619] USB: usb_device_handle_win.cc:1048 Failed to read descriptor from node connection: 시스템에 부착된 장치가 작동하지 않습니다. (0x1F)
6월 01, 2022 01:15:18.624 [27216:30748:0601/011518.623:ERROR:device_event_log_impl.cc(214)] [01:15:18.624] USB: usb_device_handle_win.cc:1048 Failed to read descriptor from node connection: 시스템에 부착된 장치가 작동하지 않습니다. (0x1F)
6월 01, 2022 01:15:18.625 [27216:30748:0601/011518.624:ERROR:device_event_log_impl.cc(214)] [01:15:18.625] USB: usb_device_handle_win.cc:1048 Failed to read descriptor from node connection: 시스템에 부착된 장치가 작동하지 않습니다. (0x1F)
6월 01, 2022 01:18:49.250 [26808:22880:0601/011849.250:ERROR:device_event_log_impl.cc(214)] [01:18:49.250] USB: usb_device_handle_win.cc:1048 Failed to read descriptor from node connection: 시스템에 부착된 장치가 작동하지 않습니다. (0x1F)
6월 01, 2022 01:18:49.256 [26808:22880:0601/011849.256:ERROR:device_event_log_impl.cc(214)] [01:18:49.256] USB: usb_device_handle_win.cc:1048 Failed to read descriptor from node connection: 시스템에 부착된 장치가 작동하지 않습니다. (0x1F)
6월 01, 2022 01:18:49.258 [26808:22880:0601/011849.258:ERROR:device_event_log_impl.cc(214)] [01:18:49.257] USB: usb_device_handle_win.cc:1048 Failed to read descriptor from node connection: 시스템에 부착된 장치가 작동하지 않습니다. (0x1F)

6월 01, 2022 13:42:17.767 NEW SESSION
6월 01, 2022 13:42:17.767 [27716:6564:0601/134217.764:ERROR:device_event_log_impl.cc(214)] [13:42:17.764] USB: usb_device_handle_win.cc:1048 Failed to read descriptor from node connection: 시스템에 부착된 장치가 작동하지 않습니다. (0x1F)
6월 01, 2022 13:42:17.769 [27716:6564:0601/134217.767:ERROR:device_event_log_impl.cc(214)] [13:42:17.768] USB: usb_device_handle_win.cc:1048 Failed to read descriptor from node connection: 시스템에 부착된 장치가 작동하지 않습니다. (0x1F)
6월 01, 2022 13:42:17.770 [27716:6564:0601/134217.768:ERROR:device_event_log_impl.cc(214)] [13:42:17.768] USB: usb_device_handle_win.cc:1048 Failed to read descriptor from node connection: 시스템에 부착된 장치가 작동하지 않습니다. (0x1F)
6월 01, 2022 15:22:30.595 [19460:19956:0601/152230.594:ERROR:device_event_log_impl.cc(214)] [15:22:30.594] USB: usb_device_handle_win.cc:1048 Failed to read descriptor from node connection: 시스템에 부착된 장치가 작동하지 않습니다. (0x1F)
6월 01, 2022 15:22:30.599 [19460:19956:0601/152230.599:ERROR:device_event_log_impl.cc(214)] [15:22:30.599] USB: usb_device_handle_win.cc:1048 Failed to read descriptor from node connection: 시스템에 부착된 장치가 작동하지 않습니다. (0x1F)
6월 01, 2022 15:22:30.600 [19460:19956:0601/152230.599:ERROR:device_event_log_impl.cc(214)] [15:22:30.599] USB: usb_device_handle_win.cc:1048 Failed to read descriptor from node connection: 시스템에 부착된 장치가 작동하지 않습니다. (0x1F)
6월 01, 2022 17:48:29.116 [19460:28952:0601/174829.115:ERROR:connection_factory_impl.cc(425)] Failed to connect to MCS endpoint with error -106
6월 01, 2022 17:48:57.559 [19460:28952:0601/174857.558:ERROR:connection_factory_impl.cc(425)] Failed to connect to MCS endpoint with error -106
6월 01, 2022 17:49:53.835 [19460:28952:0601/174953.834:ERROR:connection_factory_impl.cc(425)] Failed to connect to MCS endpoint with error -106
6월 01, 2022 17:51:25.554 [19460:28952:0601/175125.553:ERROR:connection_factory_impl.cc(425)] Failed to connect to MCS endpoint with error -106
6월 01, 2022 18:00:04.704 [19460:19956:0601/180004.702:ERROR:device_event_log_impl.cc(214)] [18:00:04.703] USB: usb_service_win.cc:104 SetupDiGetDeviceProperty({{A45C254E-DF1C-4EFD-8020-67D146A850E0}, 6}) failed: 요소가 없습니다. (0x490)
6월 02, 2022 10:11:12.30 [23260:26604:0602/101112.027:ERROR:device_event_log_impl.cc(214)] [10:11:12.027] USB: usb_device_handle_win.cc:1048 Failed to read descriptor from node connection: 시스템에 부착된 장치가 작동하지 않습니다. (0x1F)
6월 02, 2022 10:11:12.37 [23260:26604:0602/101112.027:ERROR:device_event_log_impl.cc(214)] [10:11:12.028] USB: usb_device_handle_win.cc:1048 Failed to read descriptor from node connection: 시스템에 부착된 장치가 작동하지 않습니다. (0x1F)
6월 02, 2022 10:11:12.42 [23260:26604:0602/101112.028:ERROR:device_event_log_impl.cc(214)] [10:11:12.029] USB: usb_device_handle_win.cc:1048 Failed to read descriptor from node connection: 시스템에 부착된 장치가 작동하지 않습니다. (0x1F)
6월 02, 2022 10:12:40.480 [24696:24208:0602/101240.478:ERROR:device_event_log_impl.cc(214)] [10:12:40.478] USB: usb_device_handle_win.cc:1048 Failed to read descriptor from node connection: 시스템에 부착된 장치가 작동하지 않습니다. (0x1F)
6월 02, 2022 10:12:40.496 [24696:24208:0602/101240.479:ERROR:device_event_log_impl.cc(214)] [10:12:40.479] USB: usb_device_handle_win.cc:1048 Failed to read descriptor from node connection: 시스템에 부착된 장치가 작동하지 않습니다. (0x1F)
6월 02, 2022 10:12:40.501 [24696:24208:0602/101240.480:ERROR:device_event_log_impl.cc(214)] [10:12:40.479] USB: usb_device_handle_win.cc:1048 Failed to read descriptor from node connection: 시스템에 부착된 장치가 작동하지 않습니다. (0x1F)
6월 02, 2022 11:32:35.589 [6996:12712:0602/113235.588:ERROR:device_event_log_impl.cc(214)] [11:32:35.588] USB: usb_device_handle_win.cc:1048 Failed to read descriptor from node connection: 시스템에 부착된 장치가 작동하지 않습니다. (0x1F)
6월 02, 2022 11:32:35.594 [6996:12712:0602/113235.594:ERROR:device_event_log_impl.cc(214)] [11:32:35.594] USB: usb_device_handle_win.cc:1048 Failed to read descriptor from node connection: 시스템에 부착된 장치가 작동하지 않습니다. (0x1F)
6월 02, 2022 11:32:35.595 [6996:12712:0602/113235.594:ERROR:device_event_log_impl.cc(214)] [11:32:35.595] USB: usb_device_handle_win.cc:1048 Failed to read descriptor from node connection: 시스템에 부착된 장치가 작동하지 않습니다. (0x1F)
6월 02, 2022 11:33:34.952 [29176:25020:0602/113334.952:ERROR:device_event_log_impl.cc(214)] [11:33:34.953] USB: usb_device_handle_win.cc:1048 Failed to read descriptor from node connection: 시스템에 부착된 장치가 작동하지 않습니다. (0x1F)
6월 02, 2022 11:33:34.958 [29176:25020:0602/113334.957:ERROR:device_event_log_impl.cc(214)] [11:33:34.958] USB: usb_device_handle_win.cc:1048 Failed to read descriptor from node connection: 시스템에 부착된 장치가 작동하지 않습니다. (0x1F)
6월 02, 2022 11:33:34.959 [29176:25020:0602/113334.958:ERROR:device_event_log_impl.cc(214)] [11:33:34.959] USB: usb_device_handle_win.cc:1048 Failed to read descriptor from node connection: 시스템에 부착된 장치가 작동하지 않습니다. (0x1F)
6월 02, 2022 13:20:57.669 [25484:14176:0602/132057.668:ERROR:device_event_log_impl.cc(214)] [13:20:57.669] USB: usb_device_handle_win.cc:1048 Failed to read descriptor from node connection: 시스템에 부착된 장치가 작동하지 않습니다. (0x1F)
6월 02, 2022 13:20:57.674 [25484:14176:0602/132057.674:ERROR:device_event_log_impl.cc(214)] [13:20:57.673] USB: usb_device_handle_win.cc:1048 Failed to read descriptor from node connection: 시스템에 부착된 장치가 작동하지 않습니다. (0x1F)
6월 02, 2022 13:20:57.675 [25484:14176:0602/132057.675:ERROR:device_event_log_impl.cc(214)] [13:20:57.674] USB: usb_device_handle_win.cc:1048 Failed to read descriptor from node connection: 시스템에 부착된 장치가 작동하지 않습니다. (0x1F)
6월 02, 2022 13:21:09.04 [7744:28884:0602/132109.003:ERROR:device_event_log_impl.cc(214)] [13:21:09.003] USB: usb_device_handle_win.cc:1048 Failed to read descriptor from node connection: 시스템에 부착된 장치가 작동하지 않습니다. (0x1F)
6월 02, 2022 13:21:09.09 [7744:28884:0602/132109.008:ERROR:device_event_log_impl.cc(214)] [13:21:09.008] USB: usb_device_handle_win.cc:1048 Failed to read descriptor from node connection: 시스템에 부착된 장치가 작동하지 않습니다. (0x1F)
6월 02, 2022 13:21:09.10 [7744:28884:0602/132109.010:ERROR:device_event_log_impl.cc(214)] [13:21:09.009] USB: usb_device_handle_win.cc:1048 Failed to read descriptor from node connection: 시스템에 부착된 장치가 작동하지 않습니다. (0x1F)
6월 02, 2022 13:35:05.103 [9056:24544:0602/133505.102:ERROR:device_event_log_impl.cc(214)] [13:35:05.102] USB: usb_device_handle_win.cc:1048 Failed to read descriptor from node connection: 시스템에 부착된 장치가 작동하지 않습니다. (0x1F)
6월 02, 2022 13:35:05.108 [9056:24544:0602/133505.107:ERROR:device_event_log_impl.cc(214)] [13:35:05.107] USB: usb_device_handle_win.cc:1048 Failed to read descriptor from node connection: 시스템에 부착된 장치가 작동하지 않습니다. (0x1F)
6월 02, 2022 13:35:05.108 [9056:24544:0602/133505.108:ERROR:device_event_log_impl.cc(214)] [13:35:05.108] USB: usb_device_handle_win.cc:1048 Failed to read descriptor from node connection: 시스템에 부착된 장치가 작동하지 않습니다. (0x1F)
